2025-03-20 15:04:40,441 - DEBUG - Policy network initialized.
2025-03-20 15:04:40,561 - DEBUG - Target network initialized.
2025-03-20 15:04:40,562 - DEBUG - Optimizer initialized.
2025-03-20 15:04:40,564 - DEBUG - Replay buffer initialized.
2025-03-20 15:04:40,564 - WARNING - Checkpoint file Connect4_Agent_Model.pth does not exist. Starting fresh.
2025-03-20 15:04:40,565 - DEBUG - Continue from episode 0. Current EPSILON: 0.990, Current MCTS: 20
2025-03-20 15:04:45,954 - INFO - Episode 1: Win Rate=100.00%, MCTS=20, EPSILON=0.990000
2025-03-20 15:04:47,877 - INFO - Episode 2: Win Rate=100.00%, MCTS=20, EPSILON=0.980100
2025-03-20 15:04:49,813 - INFO - Episode 3: Win Rate=100.00%, MCTS=20, EPSILON=0.970299
2025-03-20 15:04:51,950 - INFO - Episode 4: Win Rate=100.00%, MCTS=20, EPSILON=0.960596
2025-03-20 15:04:53,923 - INFO - Episode 5: Win Rate=100.00%, MCTS=20, EPSILON=0.950990
2025-03-20 15:04:55,727 - INFO - Episode 6: Win Rate=100.00%, MCTS=20, EPSILON=0.941480
2025-03-20 15:04:56,080 - INFO - Episode 7: Win Rate=100.00%, MCTS=20, EPSILON=0.932065
2025-03-20 15:04:56,344 - INFO - Episode 8: Win Rate=100.00%, MCTS=20, EPSILON=0.922745
2025-03-20 15:04:57,088 - DEBUG - LOSS: 4065.52392578125
2025-03-20 15:04:57,180 - INFO - Episode 9: Win Rate=100.00%, MCTS=20, EPSILON=0.913517
2025-03-20 15:04:57,458 - DEBUG - LOSS: 3819.2138671875
2025-03-20 15:04:57,465 - INFO - Episode 10: Win Rate=100.00%, MCTS=20, EPSILON=0.904382
2025-03-20 15:04:57,725 - DEBUG - LOSS: 4042.93994140625
2025-03-20 15:04:57,731 - INFO - Episode 11: Win Rate=100.00%, MCTS=20, EPSILON=0.895338
2025-03-20 15:04:58,045 - DEBUG - LOSS: 3747.82958984375
2025-03-20 15:04:58,051 - INFO - Episode 12: Win Rate=100.00%, MCTS=20, EPSILON=0.886385
2025-03-20 15:04:58,298 - DEBUG - LOSS: 3525.32763671875
2025-03-20 15:04:58,306 - INFO - Episode 13: Win Rate=100.00%, MCTS=20, EPSILON=0.877521
2025-03-20 15:04:58,741 - DEBUG - LOSS: 4400.8603515625
2025-03-20 15:04:58,748 - INFO - Episode 14: Win Rate=100.00%, MCTS=20, EPSILON=0.868746
2025-03-20 15:04:59,030 - DEBUG - LOSS: 3680.9287109375
2025-03-20 15:04:59,037 - INFO - Episode 15: Win Rate=100.00%, MCTS=20, EPSILON=0.860058
2025-03-20 15:04:59,289 - DEBUG - LOSS: 3699.688232421875
2025-03-20 15:04:59,298 - INFO - Episode 16: Win Rate=100.00%, MCTS=20, EPSILON=0.851458
2025-03-20 15:04:59,668 - DEBUG - LOSS: 3875.9951171875
2025-03-20 15:04:59,674 - INFO - Episode 17: Win Rate=100.00%, MCTS=20, EPSILON=0.842943
2025-03-20 15:04:59,985 - DEBUG - LOSS: 3628.25439453125
2025-03-20 15:04:59,992 - INFO - Episode 18: Win Rate=100.00%, MCTS=20, EPSILON=0.834514
2025-03-20 15:05:00,628 - DEBUG - LOSS: 3515.953125
2025-03-20 15:05:00,635 - INFO - Episode 19: Win Rate=94.74%, MCTS=20, EPSILON=0.826169
2025-03-20 15:05:00,936 - DEBUG - LOSS: 3469.826171875
2025-03-20 15:05:00,943 - INFO - Episode 20: Win Rate=95.00%, MCTS=20, EPSILON=0.817907
2025-03-20 15:05:01,245 - DEBUG - LOSS: 4108.13623046875
2025-03-20 15:05:01,251 - INFO - Episode 21: Win Rate=95.24%, MCTS=20, EPSILON=0.809728
2025-03-20 15:05:01,633 - DEBUG - LOSS: 4035.0234375
2025-03-20 15:05:01,641 - INFO - Episode 22: Win Rate=95.45%, MCTS=20, EPSILON=0.801631
2025-03-20 15:05:01,909 - DEBUG - LOSS: 3962.04638671875
2025-03-20 15:05:01,915 - INFO - Episode 23: Win Rate=95.65%, MCTS=20, EPSILON=0.793614
2025-03-20 15:05:02,296 - DEBUG - LOSS: 3990.326171875
2025-03-20 15:05:02,303 - INFO - Episode 24: Win Rate=95.83%, MCTS=20, EPSILON=0.785678
2025-03-20 15:05:02,779 - DEBUG - LOSS: 3650.85205078125
2025-03-20 15:05:02,785 - INFO - Episode 25: Win Rate=96.00%, MCTS=20, EPSILON=0.777821
2025-03-20 15:05:03,075 - DEBUG - LOSS: 3782.229248046875
2025-03-20 15:05:03,082 - INFO - Episode 26: Win Rate=96.15%, MCTS=20, EPSILON=0.770043
2025-03-20 15:05:03,444 - DEBUG - LOSS: 3714.719970703125
2025-03-20 15:05:03,450 - INFO - Episode 27: Win Rate=96.30%, MCTS=20, EPSILON=0.762343
2025-03-20 15:05:04,236 - DEBUG - LOSS: 7122.4111328125
2025-03-20 15:05:04,243 - INFO - Episode 28: Win Rate=96.43%, MCTS=20, EPSILON=0.754719
2025-03-20 15:05:04,572 - DEBUG - LOSS: 5014.8818359375
2025-03-20 15:05:04,579 - INFO - Episode 29: Win Rate=96.55%, MCTS=20, EPSILON=0.747172
2025-03-20 15:05:05,167 - DEBUG - LOSS: 4640.0966796875
2025-03-20 15:05:05,175 - INFO - Episode 30: Win Rate=96.67%, MCTS=20, EPSILON=0.739700
2025-03-20 15:05:05,456 - DEBUG - LOSS: 3424.05908203125
2025-03-20 15:05:05,463 - INFO - Episode 31: Win Rate=96.77%, MCTS=20, EPSILON=0.732303
2025-03-20 15:05:05,882 - DEBUG - LOSS: 5761.67578125
2025-03-20 15:05:05,888 - INFO - Episode 32: Win Rate=96.88%, MCTS=20, EPSILON=0.724980
2025-03-20 15:05:06,282 - DEBUG - LOSS: 4232.7255859375
2025-03-20 15:05:06,288 - INFO - Episode 33: Win Rate=96.97%, MCTS=20, EPSILON=0.717731
2025-03-20 15:05:06,568 - DEBUG - LOSS: 3567.18408203125
2025-03-20 15:05:06,574 - INFO - Episode 34: Win Rate=97.06%, MCTS=20, EPSILON=0.710553
2025-03-20 15:05:06,844 - DEBUG - LOSS: 3986.38134765625
2025-03-20 15:05:06,850 - INFO - Episode 35: Win Rate=97.14%, MCTS=20, EPSILON=0.703448
2025-03-20 15:05:07,240 - DEBUG - LOSS: 6281.44921875
2025-03-20 15:05:07,247 - INFO - Episode 36: Win Rate=97.22%, MCTS=20, EPSILON=0.696413
2025-03-20 15:05:07,556 - DEBUG - LOSS: 4441.45849609375
2025-03-20 15:05:07,562 - INFO - Episode 37: Win Rate=97.30%, MCTS=20, EPSILON=0.689449
2025-03-20 15:05:08,051 - DEBUG - LOSS: 5446.72705078125
2025-03-20 15:05:08,057 - INFO - Episode 38: Win Rate=97.37%, MCTS=20, EPSILON=0.682555
2025-03-20 15:05:08,440 - DEBUG - LOSS: 3705.815185546875
2025-03-20 15:05:08,447 - INFO - Episode 39: Win Rate=97.44%, MCTS=20, EPSILON=0.675729
2025-03-20 15:05:08,882 - DEBUG - LOSS: 6538.1826171875
2025-03-20 15:05:08,888 - INFO - Episode 40: Win Rate=97.50%, MCTS=20, EPSILON=0.668972
2025-03-20 15:05:09,188 - DEBUG - LOSS: 4453.7783203125
2025-03-20 15:05:09,196 - INFO - Episode 41: Win Rate=97.56%, MCTS=20, EPSILON=0.662282
2025-03-20 15:05:09,760 - DEBUG - LOSS: 4533.974609375
2025-03-20 15:05:09,767 - INFO - Episode 42: Win Rate=97.62%, MCTS=20, EPSILON=0.655659
2025-03-20 15:05:10,024 - DEBUG - LOSS: 4062.071044921875
2025-03-20 15:05:10,030 - INFO - Episode 43: Win Rate=97.67%, MCTS=20, EPSILON=0.649103
2025-03-20 15:05:10,296 - DEBUG - LOSS: 5354.2001953125
2025-03-20 15:05:10,303 - INFO - Episode 44: Win Rate=97.73%, MCTS=20, EPSILON=0.642612
2025-03-20 15:05:10,752 - DEBUG - LOSS: 6607.3662109375
2025-03-20 15:05:10,758 - INFO - Episode 45: Win Rate=97.78%, MCTS=20, EPSILON=0.636185
2025-03-20 15:05:11,052 - DEBUG - LOSS: 3526.29541015625
2025-03-20 15:05:11,058 - INFO - Episode 46: Win Rate=97.83%, MCTS=20, EPSILON=0.629824
2025-03-20 15:05:11,496 - DEBUG - LOSS: 5960.8603515625
2025-03-20 15:05:11,502 - INFO - Episode 47: Win Rate=97.87%, MCTS=20, EPSILON=0.623525
2025-03-20 15:05:11,773 - DEBUG - LOSS: 3977.733642578125
2025-03-20 15:05:11,779 - INFO - Episode 48: Win Rate=97.92%, MCTS=20, EPSILON=0.617290
2025-03-20 15:05:12,056 - DEBUG - LOSS: 5607.7138671875
2025-03-20 15:05:12,063 - INFO - Episode 49: Win Rate=97.96%, MCTS=20, EPSILON=0.611117
2025-03-20 15:05:12,419 - DEBUG - LOSS: 4222.6552734375
2025-03-20 15:05:12,425 - INFO - Episode 50: Win Rate=98.00%, MCTS=20, EPSILON=0.605006
2025-03-20 15:05:12,808 - DEBUG - LOSS: 5094.841796875
2025-03-20 15:05:12,815 - INFO - Episode 51: Win Rate=98.04%, MCTS=20, EPSILON=0.598956
2025-03-20 15:05:13,333 - DEBUG - LOSS: 3095.121826171875
2025-03-20 15:05:13,339 - INFO - Episode 52: Win Rate=98.08%, MCTS=20, EPSILON=0.592966
2025-03-20 15:05:13,638 - DEBUG - LOSS: 4389.677734375
2025-03-20 15:05:13,644 - INFO - Episode 53: Win Rate=98.11%, MCTS=20, EPSILON=0.587037
2025-03-20 15:05:14,201 - DEBUG - LOSS: 3229.14453125
2025-03-20 15:05:14,209 - INFO - Episode 54: Win Rate=98.15%, MCTS=20, EPSILON=0.581166
2025-03-20 15:05:14,593 - DEBUG - LOSS: 5871.5
2025-03-20 15:05:14,600 - INFO - Episode 55: Win Rate=98.18%, MCTS=20, EPSILON=0.575355
2025-03-20 15:05:14,897 - DEBUG - LOSS: 3306.22216796875
2025-03-20 15:05:14,904 - INFO - Episode 56: Win Rate=98.21%, MCTS=20, EPSILON=0.569601
2025-03-20 15:05:15,176 - DEBUG - LOSS: 4250.2451171875
2025-03-20 15:05:15,182 - INFO - Episode 57: Win Rate=98.25%, MCTS=20, EPSILON=0.563905
2025-03-20 15:05:15,502 - DEBUG - LOSS: 5541.345703125
2025-03-20 15:05:15,509 - INFO - Episode 58: Win Rate=98.28%, MCTS=20, EPSILON=0.558266
2025-03-20 15:05:16,022 - DEBUG - LOSS: 5296.1181640625
2025-03-20 15:05:16,030 - INFO - Episode 59: Win Rate=98.31%, MCTS=20, EPSILON=0.552683
2025-03-20 15:05:16,315 - DEBUG - LOSS: 3533.907958984375
2025-03-20 15:05:16,322 - INFO - Episode 60: Win Rate=98.33%, MCTS=20, EPSILON=0.547157
2025-03-20 15:05:16,771 - DEBUG - LOSS: 5883.990234375
2025-03-20 15:05:16,778 - INFO - Episode 61: Win Rate=98.36%, MCTS=20, EPSILON=0.541685
2025-03-20 15:05:17,097 - DEBUG - LOSS: 3125.35986328125
2025-03-20 15:05:17,103 - INFO - Episode 62: Win Rate=98.39%, MCTS=20, EPSILON=0.536268
2025-03-20 15:05:17,544 - DEBUG - LOSS: 3979.18359375
2025-03-20 15:05:17,554 - INFO - Episode 63: Win Rate=98.41%, MCTS=20, EPSILON=0.530906
2025-03-20 15:05:17,924 - DEBUG - LOSS: 4380.32763671875
2025-03-20 15:05:17,931 - INFO - Episode 64: Win Rate=98.44%, MCTS=20, EPSILON=0.525596
2025-03-20 15:05:18,580 - DEBUG - LOSS: 3880.9775390625
2025-03-20 15:05:18,588 - INFO - Episode 65: Win Rate=98.46%, MCTS=20, EPSILON=0.520341
2025-03-20 15:05:18,890 - DEBUG - LOSS: 4488.4111328125
2025-03-20 15:05:18,896 - INFO - Episode 66: Win Rate=98.48%, MCTS=20, EPSILON=0.515137
2025-03-20 15:05:19,254 - DEBUG - LOSS: 4540.8232421875
2025-03-20 15:05:19,260 - INFO - Episode 67: Win Rate=98.51%, MCTS=20, EPSILON=0.509986
2025-03-20 15:05:19,865 - DEBUG - LOSS: 4316.07177734375
2025-03-20 15:05:19,872 - INFO - Episode 68: Win Rate=98.53%, MCTS=20, EPSILON=0.504886
2025-03-20 15:05:20,508 - DEBUG - LOSS: 5141.5458984375
2025-03-20 15:05:20,514 - INFO - Episode 69: Win Rate=98.55%, MCTS=20, EPSILON=0.499837
2025-03-20 15:05:20,906 - DEBUG - LOSS: 5402.158203125
2025-03-20 15:05:20,912 - INFO - Episode 70: Win Rate=98.57%, MCTS=20, EPSILON=0.494839
2025-03-20 15:05:21,431 - DEBUG - LOSS: 3596.45654296875
2025-03-20 15:05:21,440 - INFO - Episode 71: Win Rate=98.59%, MCTS=20, EPSILON=0.489890
2025-03-20 15:05:21,761 - DEBUG - LOSS: 3497.757080078125
2025-03-20 15:05:21,767 - INFO - Episode 72: Win Rate=98.61%, MCTS=20, EPSILON=0.484991
2025-03-20 15:05:22,283 - DEBUG - LOSS: 4001.104736328125
2025-03-20 15:05:22,290 - INFO - Episode 73: Win Rate=98.63%, MCTS=20, EPSILON=0.480141
2025-03-20 15:05:22,637 - DEBUG - LOSS: 3945.314697265625
2025-03-20 15:05:22,644 - INFO - Episode 74: Win Rate=98.65%, MCTS=20, EPSILON=0.475340
2025-03-20 15:05:23,241 - DEBUG - LOSS: 3211.0751953125
2025-03-20 15:05:23,247 - INFO - Episode 75: Win Rate=98.67%, MCTS=20, EPSILON=0.470587
2025-03-20 15:05:23,685 - DEBUG - LOSS: 3802.14404296875
2025-03-20 15:05:23,692 - INFO - Episode 76: Win Rate=98.68%, MCTS=20, EPSILON=0.465881
2025-03-20 15:05:24,195 - DEBUG - LOSS: 3903.935546875
2025-03-20 15:05:24,201 - INFO - Episode 77: Win Rate=98.70%, MCTS=20, EPSILON=0.461222
2025-03-20 15:05:24,516 - DEBUG - LOSS: 3447.9521484375
2025-03-20 15:05:24,523 - INFO - Episode 78: Win Rate=98.72%, MCTS=20, EPSILON=0.456610
2025-03-20 15:05:24,789 - DEBUG - LOSS: 4598.8525390625
2025-03-20 15:05:24,795 - INFO - Episode 79: Win Rate=98.73%, MCTS=20, EPSILON=0.452044
2025-03-20 15:05:25,108 - DEBUG - LOSS: 3468.63134765625
2025-03-20 15:05:25,114 - INFO - Episode 80: Win Rate=98.75%, MCTS=20, EPSILON=0.447523
2025-03-20 15:05:25,445 - DEBUG - LOSS: 4218.142578125
2025-03-20 15:05:25,451 - INFO - Episode 81: Win Rate=98.77%, MCTS=20, EPSILON=0.443048
2025-03-20 15:05:25,946 - DEBUG - LOSS: 4116.01171875
2025-03-20 15:05:25,953 - INFO - Episode 82: Win Rate=98.78%, MCTS=20, EPSILON=0.438618
2025-03-20 15:05:26,276 - DEBUG - LOSS: 3697.71533203125
2025-03-20 15:05:26,282 - INFO - Episode 83: Win Rate=98.80%, MCTS=20, EPSILON=0.434231
2025-03-20 15:05:26,558 - DEBUG - LOSS: 4565.5
2025-03-20 15:05:26,565 - INFO - Episode 84: Win Rate=98.81%, MCTS=20, EPSILON=0.429889
2025-03-20 15:05:26,900 - DEBUG - LOSS: 3703.1396484375
2025-03-20 15:05:26,906 - INFO - Episode 85: Win Rate=98.82%, MCTS=20, EPSILON=0.425590
2025-03-20 15:05:27,380 - DEBUG - LOSS: 4366.90625
2025-03-20 15:05:27,386 - INFO - Episode 86: Win Rate=98.84%, MCTS=20, EPSILON=0.421334
2025-03-20 15:05:27,776 - DEBUG - LOSS: 7030.7431640625
2025-03-20 15:05:27,784 - INFO - Episode 87: Win Rate=98.85%, MCTS=20, EPSILON=0.417121
2025-03-20 15:05:28,106 - DEBUG - LOSS: 3030.9345703125
2025-03-20 15:05:28,114 - INFO - Episode 88: Win Rate=98.86%, MCTS=20, EPSILON=0.412950
2025-03-20 15:05:28,509 - DEBUG - LOSS: 5298.26904296875
2025-03-20 15:05:28,516 - INFO - Episode 89: Win Rate=98.88%, MCTS=20, EPSILON=0.408820
2025-03-20 15:05:28,989 - DEBUG - LOSS: 4096.998046875
2025-03-20 15:05:28,997 - INFO - Episode 90: Win Rate=98.89%, MCTS=20, EPSILON=0.404732
2025-03-20 15:05:29,264 - DEBUG - LOSS: 4363.8515625
2025-03-20 15:05:29,270 - INFO - Episode 91: Win Rate=98.90%, MCTS=20, EPSILON=0.400685
2025-03-20 15:05:29,645 - DEBUG - LOSS: 3771.01806640625
2025-03-20 15:05:29,651 - INFO - Episode 92: Win Rate=98.91%, MCTS=20, EPSILON=0.396678
2025-03-20 15:05:30,185 - DEBUG - LOSS: 3939.8466796875
2025-03-20 15:05:30,191 - INFO - Episode 93: Win Rate=98.92%, MCTS=20, EPSILON=0.392711
2025-03-20 15:05:30,566 - DEBUG - LOSS: 5449.6650390625
2025-03-20 15:05:30,572 - INFO - Episode 94: Win Rate=98.94%, MCTS=20, EPSILON=0.388784
2025-03-20 15:05:31,030 - DEBUG - LOSS: 6472.9921875
2025-03-20 15:05:31,036 - INFO - Episode 95: Win Rate=98.95%, MCTS=20, EPSILON=0.384896
2025-03-20 15:05:31,441 - DEBUG - LOSS: 3823.921875
2025-03-20 15:05:31,448 - INFO - Episode 96: Win Rate=98.96%, MCTS=20, EPSILON=0.381047
2025-03-20 15:05:31,750 - DEBUG - LOSS: 5746.4921875
2025-03-20 15:05:31,757 - INFO - Episode 97: Win Rate=98.97%, MCTS=20, EPSILON=0.377237
2025-03-20 15:05:32,299 - DEBUG - LOSS: 3406.379150390625
2025-03-20 15:05:32,306 - INFO - Episode 98: Win Rate=98.98%, MCTS=20, EPSILON=0.373464
2025-03-20 15:05:32,839 - DEBUG - LOSS: 4692.04541015625
2025-03-20 15:05:32,847 - INFO - Episode 99: Win Rate=98.99%, MCTS=20, EPSILON=0.369730
2025-03-20 15:05:33,203 - DEBUG - LOSS: 4524.7666015625
2025-03-20 15:05:33,210 - INFO - Episode 100: Win Rate=99.00%, MCTS=20, EPSILON=0.366032
2025-03-20 15:05:33,210 - INFO - After 100 episodes, win rate 99.00% reached threshold 80.00%
2025-03-20 15:05:33,210 - INFO - Advanced to Level 1: MCTS=40, EPSILON reset to 0.98
2025-03-20 15:05:33,729 - DEBUG - Saved model checkpoint to Connect4_Agent_Model.pth at episode 100.
2025-03-20 15:05:33,729 - DEBUG - Models saved at episode 100
2025-03-20 15:05:33,733 - DEBUG - Target network updated
2025-03-20 15:05:34,077 - DEBUG - LOSS: 3487.23583984375
2025-03-20 15:05:34,084 - INFO - Episode 101: Win Rate=99.00%, MCTS=40, EPSILON=0.970200
2025-03-20 15:05:34,373 - DEBUG - LOSS: 3735.995849609375
2025-03-20 15:05:34,382 - INFO - Episode 102: Win Rate=99.00%, MCTS=40, EPSILON=0.960498
2025-03-20 15:05:34,641 - DEBUG - LOSS: 3667.670166015625
2025-03-20 15:05:34,649 - INFO - Episode 103: Win Rate=99.00%, MCTS=40, EPSILON=0.950893
2025-03-20 15:05:35,024 - DEBUG - LOSS: 3877.36328125
2025-03-20 15:05:35,031 - INFO - Episode 104: Win Rate=99.00%, MCTS=40, EPSILON=0.941384
2025-03-20 15:05:35,503 - DEBUG - LOSS: 4609.2265625
2025-03-20 15:05:35,510 - INFO - Episode 105: Win Rate=99.00%, MCTS=40, EPSILON=0.931970
