2025-01-16 04:27:20,740 - INFO - Policy network initialized.
2025-01-16 04:27:20,763 - INFO - Target network initialized.
2025-01-16 04:27:20,764 - INFO - Optimizer initialized.
2025-01-16 04:27:20,765 - INFO - Replay buffer initialized.
2025-01-16 04:27:20,796 - INFO - Checkpoint file path: Connect4_Agent_Model.pth verified.
2025-01-16 04:27:20,796 - CRITICAL - Failed to load model from Connect4_Agent_Model.pth: Error(s) in loading state_dict for DQN:
	Missing key(s) in state_dict: "conv3.weight", "conv3.bias", "bn5.weight", "bn5.bias", "bn5.running_mean", "bn5.running_var", "bn6.weight", "bn6.bias", "bn6.running_mean", "bn6.running_var", "fc4.weight", "fc4.bias". 
	size mismatch for conv1.weight: copying a param with shape torch.Size([16, 1, 3, 3]) from checkpoint, the shape in current model is torch.Size([32, 1, 3, 3]).
	size mismatch for conv1.bias: copying a param with shape torch.Size([16]) from checkpoint, the shape in current model is torch.Size([32]).
	size mismatch for bn1.weight: copying a param with shape torch.Size([16]) from checkpoint, the shape in current model is torch.Size([32]).
	size mismatch for bn1.bias: copying a param with shape torch.Size([16]) from checkpoint, the shape in current model is torch.Size([32]).
	size mismatch for bn1.running_mean: copying a param with shape torch.Size([16]) from checkpoint, the shape in current model is torch.Size([32]).
	size mismatch for bn1.running_var: copying a param with shape torch.Size([16]) from checkpoint, the shape in current model is torch.Size([32]).
	size mismatch for conv2.weight: copying a param with shape torch.Size([32, 16, 3, 3]) from checkpoint, the shape in current model is torch.Size([64, 32, 3, 3]).
	size mismatch for conv2.bias: copying a param with shape torch.Size([32]) from checkpoint, the shape in current model is torch.Size([64]).
	size mismatch for bn2.weight: copying a param with shape torch.Size([32]) from checkpoint, the shape in current model is torch.Size([64]).
	size mismatch for bn2.bias: copying a param with shape torch.Size([32]) from checkpoint, the shape in current model is torch.Size([64]).
	size mismatch for bn2.running_mean: copying a param with shape torch.Size([32]) from checkpoint, the shape in current model is torch.Size([64]).
	size mismatch for bn2.running_var: copying a param with shape torch.Size([32]) from checkpoint, the shape in current model is torch.Size([64]).
	size mismatch for bn3.weight: copying a param with shape torch.Size([256]) from checkpoint, the shape in current model is torch.Size([128]).
	size mismatch for bn3.bias: copying a param with shape torch.Size([256]) from checkpoint, the shape in current model is torch.Size([128]).
	size mismatch for bn3.running_mean: copying a param with shape torch.Size([256]) from checkpoint, the shape in current model is torch.Size([128]).
	size mismatch for bn3.running_var: copying a param with shape torch.Size([256]) from checkpoint, the shape in current model is torch.Size([128]).
	size mismatch for fc1.weight: copying a param with shape torch.Size([256, 1344]) from checkpoint, the shape in current model is torch.Size([512, 5376]).
	size mismatch for fc1.bias: copying a param with shape torch.Size([256]) from checkpoint, the shape in current model is torch.Size([512]).
	size mismatch for bn4.weight: copying a param with shape torch.Size([128]) from checkpoint, the shape in current model is torch.Size([512]).
	size mismatch for bn4.bias: copying a param with shape torch.Size([128]) from checkpoint, the shape in current model is torch.Size([512]).
	size mismatch for bn4.running_mean: copying a param with shape torch.Size([128]) from checkpoint, the shape in current model is torch.Size([512]).
	size mismatch for bn4.running_var: copying a param with shape torch.Size([128]) from checkpoint, the shape in current model is torch.Size([512]).
	size mismatch for fc2.weight: copying a param with shape torch.Size([128, 256]) from checkpoint, the shape in current model is torch.Size([256, 512]).
	size mismatch for fc2.bias: copying a param with shape torch.Size([128]) from checkpoint, the shape in current model is torch.Size([256]).
	size mismatch for fc3.weight: copying a param with shape torch.Size([7, 128]) from checkpoint, the shape in current model is torch.Size([128, 256]).
	size mismatch for fc3.bias: copying a param with shape torch.Size([7]) from checkpoint, the shape in current model is torch.Size([128]).. Starting fresh.
2025-01-16 04:27:20,843 - INFO - Re-initialized policy_net, target_net, optimizer, and replay_buffer.
2025-01-16 04:27:20,844 - INFO - TOTAL_EPISODES adjusted to 100000 after subtracting 0.
2025-01-16 04:27:20,854 - INFO - Episode 1/100000: Winner=2, Reward=1.30, EPSILON=1.000, (W=0,D=0,L=0)
2025-01-16 04:27:21,149 - INFO - Episode 2/100000: Winner=2, Reward=-20.05, EPSILON=1.000, (W=1,D=0,L=0)
2025-01-16 04:27:21,354 - INFO - Episode 3/100000: Winner=2, Reward=-17.05, EPSILON=1.000, (W=2,D=0,L=0)
2025-01-16 04:27:21,612 - INFO - Episode 4/100000: Winner=2, Reward=-42.45, EPSILON=1.000, (W=3,D=0,L=0)
2025-01-16 04:27:21,742 - INFO - Episode 5/100000: Winner=2, Reward=1.70, EPSILON=1.000, (W=4,D=0,L=0)
2025-01-16 04:27:21,981 - INFO - Episode 6/100000: Winner=2, Reward=17.35, EPSILON=1.000, (W=4,D=0,L=0)
2025-01-16 04:27:22,056 - INFO - Episode 7/100000: Winner=2, Reward=0.35, EPSILON=1.000, (W=4,D=0,L=0)
2025-01-16 04:27:22,262 - INFO - Episode 8/100000: Winner=2, Reward=16.45, EPSILON=1.000, (W=4,D=0,L=0)
2025-01-16 04:27:22,395 - INFO - Episode 9/100000: Winner=2, Reward=8.25, EPSILON=1.000, (W=4,D=0,L=0)
2025-01-16 04:27:22,548 - INFO - Episode 10/100000: Winner=2, Reward=7.55, EPSILON=1.000, (W=4,D=0,L=0)
2025-01-16 04:27:22,794 - INFO - Episode 11/100000: Winner=2, Reward=-7.80, EPSILON=1.000, (W=5,D=0,L=0)
2025-01-16 04:27:22,888 - INFO - Episode 12/100000: Winner=2, Reward=-9.45, EPSILON=1.000, (W=6,D=0,L=0)
2025-01-16 04:27:23,073 - INFO - Episode 13/100000: Winner=2, Reward=-12.25, EPSILON=1.000, (W=6,D=0,L=0)
2025-01-16 04:27:23,239 - INFO - Episode 14/100000: Winner=2, Reward=-21.00, EPSILON=1.000, (W=7,D=0,L=0)
2025-01-16 04:27:23,422 - INFO - Episode 15/100000: Winner=2, Reward=-6.20, EPSILON=1.000, (W=7,D=0,L=0)
2025-01-16 04:27:23,569 - INFO - Episode 16/100000: Winner=2, Reward=4.40, EPSILON=1.000, (W=7,D=0,L=0)
2025-01-16 04:27:23,677 - INFO - Episode 17/100000: Winner=2, Reward=-9.10, EPSILON=1.000, (W=8,D=0,L=0)
2025-01-16 04:27:23,894 - INFO - Episode 18/100000: Winner=2, Reward=-10.55, EPSILON=1.000, (W=9,D=0,L=0)
2025-01-16 04:27:24,076 - INFO - Episode 19/100000: Winner=2, Reward=-14.65, EPSILON=1.000, (W=9,D=0,L=0)
2025-01-16 04:27:24,170 - INFO - Episode 20/100000: Winner=2, Reward=1.15, EPSILON=1.000, (W=9,D=0,L=0)
2025-01-16 04:27:24,351 - INFO - Episode 21/100000: Winner=2, Reward=-9.85, EPSILON=1.000, (W=10,D=0,L=0)
2025-01-16 04:27:24,537 - INFO - Episode 22/100000: Winner=2, Reward=-12.25, EPSILON=1.000, (W=11,D=0,L=0)
2025-01-16 04:27:24,772 - INFO - Episode 23/100000: Winner=2, Reward=-18.35, EPSILON=1.000, (W=11,D=0,L=0)
2025-01-16 04:27:24,917 - INFO - Episode 24/100000: Winner=2, Reward=-13.65, EPSILON=1.000, (W=12,D=0,L=0)
2025-01-16 04:27:25,134 - INFO - Episode 25/100000: Winner=2, Reward=12.90, EPSILON=1.000, (W=12,D=0,L=0)
2025-01-16 04:27:25,314 - INFO - Episode 26/100000: Winner=2, Reward=17.45, EPSILON=1.000, (W=12,D=0,L=0)
2025-01-16 04:27:25,530 - INFO - Episode 27/100000: Winner=2, Reward=-0.45, EPSILON=1.000, (W=12,D=0,L=0)
2025-01-16 04:27:25,673 - INFO - Episode 28/100000: Winner=2, Reward=-2.05, EPSILON=1.000, (W=12,D=0,L=0)
2025-01-16 04:27:25,923 - INFO - Episode 29/100000: Winner=2, Reward=-29.40, EPSILON=1.000, (W=13,D=0,L=0)
2025-01-16 04:27:26,217 - INFO - Episode 30/100000: Winner=2, Reward=-7.90, EPSILON=1.000, (W=14,D=0,L=0)
2025-01-16 04:27:26,397 - INFO - Episode 31/100000: Winner=2, Reward=-19.50, EPSILON=1.000, (W=15,D=0,L=0)
2025-01-16 04:27:26,579 - INFO - Episode 32/100000: Winner=2, Reward=16.95, EPSILON=1.000, (W=15,D=0,L=0)
2025-01-16 04:27:26,811 - INFO - Episode 33/100000: Winner=2, Reward=8.95, EPSILON=1.000, (W=15,D=0,L=0)
2025-01-16 04:27:27,012 - INFO - Episode 34/100000: Winner=2, Reward=-2.60, EPSILON=1.000, (W=15,D=0,L=0)
2025-01-16 04:27:27,215 - INFO - Episode 35/100000: Winner=2, Reward=-18.90, EPSILON=1.000, (W=15,D=0,L=0)
2025-01-16 04:27:27,449 - INFO - Episode 36/100000: Winner=2, Reward=-22.50, EPSILON=1.000, (W=15,D=0,L=0)
2025-01-16 04:27:27,632 - INFO - Episode 37/100000: Winner=2, Reward=2.95, EPSILON=1.000, (W=15,D=0,L=0)
2025-01-16 04:27:27,764 - INFO - Episode 38/100000: Winner=2, Reward=0.75, EPSILON=1.000, (W=15,D=0,L=0)
2025-01-16 04:27:28,074 - INFO - Episode 39/100000: Winner=2, Reward=-4.15, EPSILON=1.000, (W=16,D=0,L=0)
2025-01-16 04:27:28,273 - INFO - Episode 40/100000: Winner=2, Reward=-11.85, EPSILON=1.000, (W=17,D=0,L=0)
2025-01-16 04:27:28,550 - INFO - Episode 41/100000: Winner=2, Reward=-7.85, EPSILON=1.000, (W=18,D=0,L=0)
2025-01-16 04:27:28,816 - INFO - Episode 42/100000: Winner=2, Reward=-45.25, EPSILON=1.000, (W=19,D=0,L=0)
2025-01-16 04:27:28,982 - INFO - Episode 43/100000: Winner=2, Reward=-11.65, EPSILON=1.000, (W=20,D=0,L=0)
2025-01-16 04:27:29,092 - INFO - Episode 44/100000: Winner=2, Reward=6.25, EPSILON=1.000, (W=20,D=0,L=0)
2025-01-16 04:27:29,322 - INFO - Episode 45/100000: Winner=2, Reward=11.75, EPSILON=1.000, (W=20,D=0,L=0)
2025-01-16 04:27:29,603 - INFO - Episode 46/100000: Winner=2, Reward=-22.35, EPSILON=1.000, (W=21,D=0,L=0)
2025-01-16 04:27:29,728 - INFO - Episode 47/100000: Winner=2, Reward=-8.90, EPSILON=1.000, (W=22,D=0,L=0)
2025-01-16 04:27:29,994 - INFO - Episode 48/100000: Winner=2, Reward=0.65, EPSILON=1.000, (W=22,D=0,L=0)
2025-01-16 04:27:30,088 - INFO - Episode 49/100000: Winner=2, Reward=8.60, EPSILON=1.000, (W=22,D=0,L=0)
2025-01-16 04:27:30,338 - INFO - Episode 50/100000: Winner=2, Reward=-2.50, EPSILON=1.000, (W=23,D=0,L=0)
2025-01-16 04:27:30,619 - INFO - Episode 51/100000: Winner=2, Reward=-5.75, EPSILON=1.000, (W=23,D=0,L=0)
2025-01-16 04:27:30,728 - INFO - Episode 52/100000: Winner=2, Reward=0.75, EPSILON=1.000, (W=23,D=0,L=0)
2025-01-16 04:27:30,760 - DEBUG - Q-vals = [0.10141215 0.15134579 0.14241172 0.11475227 0.09538524 0.22384495
 0.17084791], best_act=5, best_val=0.224
2025-01-16 04:27:30,760 - DEBUG - Low Q-value (0.224), using MCTS.
2025-01-16 04:27:30,760 - INFO - Running MCTS with 12 simulations using 6 processes.
2025-01-16 04:27:33,571 - DEBUG - Aggregated action counts: {0: 6}
2025-01-16 04:27:33,571 - DEBUG - Chose best action 0
2025-01-16 04:27:33,728 - INFO - Episode 53/100000: Winner=2, Reward=5.85, EPSILON=1.000, (W=23,D=0,L=0)
2025-01-16 04:27:33,853 - INFO - Episode 54/100000: Winner=2, Reward=14.40, EPSILON=1.000, (W=23,D=0,L=0)
2025-01-16 04:27:33,993 - DEBUG - Q-vals = [1.2900911e-03 1.1422998e-02 1.6978811e-03 2.6183508e-04 7.4175396e-03
 9.7093958e-01 6.9699944e-03], best_act=5, best_val=0.971
2025-01-16 04:27:33,993 - INFO - Episode 55/100000: Winner=2, Reward=7.15, EPSILON=1.000, (W=23,D=0,L=0)
2025-01-16 04:27:34,243 - INFO - Episode 56/100000: Winner=2, Reward=-33.95, EPSILON=0.999, (W=24,D=0,L=0)
2025-01-16 04:27:34,415 - INFO - Episode 57/100000: Winner=2, Reward=-10.35, EPSILON=0.999, (W=25,D=0,L=0)
2025-01-16 04:27:34,540 - INFO - Episode 58/100000: Winner=2, Reward=7.50, EPSILON=0.999, (W=25,D=0,L=0)
2025-01-16 04:27:34,852 - INFO - Episode 59/100000: Winner=2, Reward=-49.85, EPSILON=0.999, (W=26,D=0,L=0)
2025-01-16 04:27:34,915 - INFO - Episode 60/100000: Winner=2, Reward=0.10, EPSILON=0.999, (W=26,D=0,L=0)
2025-01-16 04:27:35,071 - INFO - Episode 61/100000: Winner=2, Reward=-4.10, EPSILON=0.999, (W=26,D=0,L=0)
2025-01-16 04:27:35,337 - INFO - Episode 62/100000: Winner=2, Reward=-4.40, EPSILON=0.999, (W=26,D=0,L=0)
2025-01-16 04:27:35,524 - INFO - Episode 63/100000: Winner=2, Reward=-20.40, EPSILON=0.999, (W=27,D=0,L=0)
2025-01-16 04:27:35,618 - INFO - Episode 64/100000: Winner=2, Reward=-5.95, EPSILON=0.999, (W=28,D=0,L=0)
2025-01-16 04:27:35,633 - DEBUG - Q-vals = [0.13944872 0.11427642 0.11715236 0.20255013 0.11821055 0.1803593
 0.1280025 ], best_act=3, best_val=0.203
2025-01-16 04:27:35,633 - DEBUG - Low Q-value (0.203), using MCTS.
2025-01-16 04:27:35,633 - INFO - Running MCTS with 12 simulations using 6 processes.
2025-01-16 04:27:38,399 - DEBUG - Aggregated action counts: {0: 6}
2025-01-16 04:27:38,399 - DEBUG - Chose best action 0
2025-01-16 04:27:38,571 - INFO - Episode 65/100000: Winner=2, Reward=4.05, EPSILON=0.999, (W=28,D=0,L=0)
2025-01-16 04:27:38,727 - INFO - Episode 66/100000: Winner=2, Reward=-1.20, EPSILON=0.999, (W=28,D=0,L=0)
2025-01-16 04:27:39,008 - INFO - Episode 67/100000: Winner=2, Reward=-36.90, EPSILON=0.999, (W=29,D=0,L=0)
2025-01-16 04:27:39,149 - INFO - Episode 68/100000: Winner=2, Reward=-6.30, EPSILON=0.999, (W=30,D=0,L=0)
2025-01-16 04:27:39,290 - INFO - Episode 69/100000: Winner=2, Reward=15.20, EPSILON=0.999, (W=30,D=0,L=0)
2025-01-16 04:27:39,415 - INFO - Episode 70/100000: Winner=2, Reward=5.65, EPSILON=0.999, (W=30,D=0,L=0)
2025-01-16 04:27:39,509 - INFO - Episode 71/100000: Winner=2, Reward=6.55, EPSILON=0.999, (W=30,D=0,L=0)
2025-01-16 04:27:39,696 - INFO - Episode 72/100000: Winner=2, Reward=21.75, EPSILON=0.999, (W=30,D=0,L=0)
2025-01-16 04:27:39,977 - INFO - Episode 73/100000: Winner=2, Reward=-36.15, EPSILON=0.999, (W=30,D=0,L=0)
2025-01-16 04:27:40,181 - INFO - Episode 74/100000: Winner=2, Reward=-6.90, EPSILON=0.999, (W=31,D=0,L=0)
2025-01-16 04:27:40,384 - INFO - Episode 75/100000: Winner=2, Reward=3.15, EPSILON=0.999, (W=31,D=0,L=0)
2025-01-16 04:27:40,493 - INFO - Episode 76/100000: Winner=2, Reward=20.65, EPSILON=0.999, (W=31,D=0,L=0)
2025-01-16 04:27:40,712 - INFO - Episode 77/100000: Winner=2, Reward=-24.75, EPSILON=0.999, (W=32,D=0,L=0)
2025-01-16 04:27:40,962 - INFO - Episode 78/100000: Winner=2, Reward=-10.55, EPSILON=0.999, (W=32,D=0,L=0)
2025-01-16 04:27:41,087 - INFO - Episode 79/100000: Winner=2, Reward=-20.35, EPSILON=0.999, (W=33,D=0,L=0)
2025-01-16 04:27:41,211 - INFO - Episode 80/100000: Winner=2, Reward=-12.00, EPSILON=0.999, (W=34,D=0,L=0)
2025-01-16 04:27:41,415 - INFO - Episode 81/100000: Winner=2, Reward=-25.20, EPSILON=0.999, (W=35,D=0,L=0)
2025-01-16 04:27:41,618 - INFO - Episode 82/100000: Winner=2, Reward=-3.00, EPSILON=0.999, (W=35,D=0,L=0)
2025-01-16 04:27:41,852 - INFO - Episode 83/100000: Winner=2, Reward=-13.10, EPSILON=0.999, (W=35,D=0,L=0)
2025-01-16 04:27:42,087 - INFO - Episode 84/100000: Winner=2, Reward=12.35, EPSILON=0.999, (W=35,D=0,L=0)
2025-01-16 04:27:42,337 - INFO - Episode 85/100000: Winner=2, Reward=-17.05, EPSILON=0.999, (W=36,D=0,L=0)
2025-01-16 04:27:42,618 - INFO - Episode 86/100000: Winner=2, Reward=-31.75, EPSILON=0.999, (W=36,D=0,L=0)
2025-01-16 04:27:42,821 - INFO - Episode 87/100000: Winner=2, Reward=8.05, EPSILON=0.999, (W=36,D=0,L=0)
2025-01-16 04:27:42,977 - INFO - Episode 88/100000: Winner=2, Reward=13.50, EPSILON=0.999, (W=36,D=0,L=0)
2025-01-16 04:27:43,118 - INFO - Episode 89/100000: Winner=2, Reward=5.75, EPSILON=0.999, (W=36,D=0,L=0)
2025-01-16 04:27:43,321 - INFO - Episode 90/100000: Winner=2, Reward=11.55, EPSILON=0.999, (W=36,D=0,L=0)
2025-01-16 04:27:43,540 - INFO - Episode 91/100000: Winner=2, Reward=-53.25, EPSILON=0.999, (W=36,D=0,L=0)
2025-01-16 04:27:43,712 - INFO - Episode 92/100000: Winner=2, Reward=2.70, EPSILON=0.999, (W=36,D=0,L=0)
2025-01-16 04:27:43,868 - INFO - Episode 93/100000: Winner=2, Reward=-12.95, EPSILON=0.999, (W=37,D=0,L=0)
2025-01-16 04:27:44,055 - INFO - Episode 94/100000: Winner=2, Reward=5.50, EPSILON=0.999, (W=37,D=0,L=0)
2025-01-16 04:27:44,336 - INFO - Episode 95/100000: Winner=2, Reward=-44.05, EPSILON=0.999, (W=37,D=0,L=0)
2025-01-16 04:27:44,618 - INFO - Episode 96/100000: Winner=2, Reward=-9.65, EPSILON=0.999, (W=38,D=0,L=0)
2025-01-16 04:27:44,696 - INFO - Episode 97/100000: Winner=2, Reward=6.65, EPSILON=0.999, (W=38,D=0,L=0)
2025-01-16 04:27:44,758 - INFO - Episode 98/100000: Winner=2, Reward=0.10, EPSILON=0.999, (W=38,D=0,L=0)
2025-01-16 04:27:44,868 - INFO - Episode 99/100000: Winner=2, Reward=7.35, EPSILON=0.999, (W=38,D=0,L=0)
2025-01-16 04:27:45,039 - INFO - Saved model checkpoint to Connect4_Agent_Model.pth at episode 100.
2025-01-16 04:27:45,039 - INFO - Models saved at episode 100
2025-01-16 04:27:45,039 - INFO - Target networks updated
2025-01-16 04:27:45,086 - INFO - Saved model checkpoint to Connect4_Agent_Model.pth at episode 100.
2025-01-16 04:27:45,086 - INFO - Episode 100/100000: Winner=2, Reward=4.35, EPSILON=0.999, (W=38,D=0,L=0)
2025-01-16 04:27:45,211 - INFO - Episode 101/100000: Winner=2, Reward=15.35, EPSILON=0.999, (W=38,D=0,L=0)
2025-01-16 04:27:45,414 - INFO - Episode 102/100000: Winner=2, Reward=0.05, EPSILON=0.999, (W=39,D=0,L=0)
2025-01-16 04:27:45,477 - INFO - Episode 103/100000: Winner=2, Reward=8.55, EPSILON=0.999, (W=39,D=0,L=0)
2025-01-16 04:27:45,571 - INFO - Episode 104/100000: Winner=2, Reward=-0.60, EPSILON=0.999, (W=39,D=0,L=0)
2025-01-16 04:27:45,774 - INFO - Episode 105/100000: Winner=2, Reward=5.95, EPSILON=0.999, (W=39,D=0,L=0)
2025-01-16 04:27:46,040 - INFO - Episode 106/100000: Winner=2, Reward=-20.15, EPSILON=0.999, (W=40,D=0,L=0)
2025-01-16 04:27:46,149 - INFO - Episode 107/100000: Winner=2, Reward=-4.15, EPSILON=0.999, (W=40,D=0,L=0)
2025-01-16 04:27:46,336 - INFO - Episode 108/100000: Winner=2, Reward=24.20, EPSILON=0.999, (W=40,D=0,L=0)
2025-01-16 04:27:46,430 - INFO - Episode 109/100000: Winner=2, Reward=-9.60, EPSILON=0.999, (W=41,D=0,L=0)
2025-01-16 04:27:46,586 - INFO - Episode 110/100000: Winner=2, Reward=-8.40, EPSILON=0.999, (W=41,D=0,L=0)
2025-01-16 04:27:46,711 - INFO - Episode 111/100000: Winner=2, Reward=-9.30, EPSILON=0.999, (W=42,D=0,L=0)
2025-01-16 04:27:46,914 - INFO - Episode 112/100000: Winner=2, Reward=-22.35, EPSILON=0.999, (W=43,D=0,L=0)
2025-01-16 04:27:47,165 - INFO - Episode 113/100000: Winner=2, Reward=-15.00, EPSILON=0.999, (W=43,D=0,L=0)
2025-01-16 04:27:47,399 - INFO - Episode 114/100000: Winner=2, Reward=2.50, EPSILON=0.999, (W=44,D=0,L=0)
2025-01-16 04:27:47,462 - INFO - Episode 115/100000: Winner=2, Reward=14.15, EPSILON=0.999, (W=44,D=0,L=0)
2025-01-16 04:27:47,571 - INFO - Episode 116/100000: Winner=2, Reward=2.95, EPSILON=0.999, (W=45,D=0,L=0)
2025-01-16 04:27:47,696 - INFO - Episode 117/100000: Winner=2, Reward=-9.55, EPSILON=0.999, (W=46,D=0,L=0)
2025-01-16 04:27:47,774 - INFO - Episode 118/100000: Winner=2, Reward=0.05, EPSILON=0.999, (W=47,D=0,L=0)
2025-01-16 04:27:48,008 - INFO - Episode 119/100000: Winner=2, Reward=-27.10, EPSILON=0.999, (W=48,D=0,L=0)
2025-01-16 04:27:48,196 - INFO - Episode 120/100000: Winner=2, Reward=-14.85, EPSILON=0.999, (W=49,D=0,L=0)
2025-01-16 04:27:48,555 - INFO - Episode 121/100000: Winner=2, Reward=-96.60, EPSILON=0.999, (W=50,D=0,L=0)
2025-01-16 04:27:48,680 - INFO - Episode 122/100000: Winner=2, Reward=6.70, EPSILON=0.999, (W=51,D=0,L=0)
2025-01-16 04:27:48,868 - INFO - Episode 123/100000: Winner=2, Reward=4.35, EPSILON=0.999, (W=51,D=0,L=0)
2025-01-16 04:27:49,086 - INFO - Episode 124/100000: Winner=2, Reward=7.25, EPSILON=0.999, (W=51,D=0,L=0)
2025-01-16 04:27:49,290 - INFO - Episode 125/100000: Winner=2, Reward=-9.85, EPSILON=0.999, (W=52,D=0,L=0)
2025-01-16 04:27:49,493 - INFO - Episode 126/100000: Winner=2, Reward=-22.65, EPSILON=0.999, (W=52,D=0,L=0)
2025-01-16 04:27:49,634 - INFO - Episode 127/100000: Winner=2, Reward=-1.65, EPSILON=0.999, (W=52,D=0,L=0)
2025-01-16 04:27:49,805 - INFO - Episode 128/100000: Winner=2, Reward=-2.40, EPSILON=0.999, (W=53,D=0,L=0)
2025-01-16 04:27:49,993 - INFO - Episode 129/100000: Winner=2, Reward=7.90, EPSILON=0.999, (W=53,D=0,L=0)
2025-01-16 04:27:50,227 - INFO - Episode 130/100000: Winner=2, Reward=-7.85, EPSILON=0.999, (W=53,D=0,L=0)
2025-01-16 04:27:50,383 - INFO - Episode 131/100000: Winner=2, Reward=4.15, EPSILON=0.999, (W=53,D=0,L=0)
2025-01-16 04:27:50,555 - INFO - Episode 132/100000: Winner=2, Reward=-12.50, EPSILON=0.999, (W=54,D=0,L=0)
2025-01-16 04:27:50,649 - INFO - Episode 133/100000: Winner=2, Reward=1.35, EPSILON=0.999, (W=54,D=0,L=0)
2025-01-16 04:27:50,836 - INFO - Episode 134/100000: Winner=2, Reward=9.15, EPSILON=0.999, (W=54,D=0,L=0)
2025-01-16 04:27:51,008 - INFO - Episode 135/100000: Winner=2, Reward=-12.60, EPSILON=0.999, (W=54,D=0,L=0)
2025-01-16 04:27:51,243 - INFO - Episode 136/100000: Winner=2, Reward=-35.95, EPSILON=0.999, (W=55,D=0,L=0)
2025-01-16 04:27:51,352 - INFO - Episode 137/100000: Winner=2, Reward=6.30, EPSILON=0.999, (W=55,D=0,L=0)
2025-01-16 04:27:51,539 - INFO - Episode 138/100000: Winner=2, Reward=-8.65, EPSILON=0.999, (W=55,D=0,L=0)
2025-01-16 04:27:51,633 - INFO - Episode 139/100000: Winner=2, Reward=-9.95, EPSILON=0.999, (W=56,D=0,L=0)
2025-01-16 04:27:51,789 - INFO - Episode 140/100000: Winner=2, Reward=-3.65, EPSILON=0.999, (W=57,D=0,L=0)
2025-01-16 04:27:51,930 - INFO - Episode 141/100000: Winner=2, Reward=1.20, EPSILON=0.999, (W=57,D=0,L=0)
2025-01-16 04:27:52,070 - INFO - Episode 142/100000: Winner=2, Reward=6.20, EPSILON=0.999, (W=57,D=0,L=0)
2025-01-16 04:27:52,367 - INFO - Episode 143/100000: Winner=2, Reward=-18.75, EPSILON=0.999, (W=57,D=0,L=0)
2025-01-16 04:27:52,539 - INFO - Episode 144/100000: Winner=2, Reward=-0.45, EPSILON=0.999, (W=57,D=0,L=0)
2025-01-16 04:27:52,664 - INFO - Episode 145/100000: Winner=2, Reward=13.25, EPSILON=0.999, (W=57,D=0,L=0)
2025-01-16 04:27:52,851 - INFO - Episode 146/100000: Winner=2, Reward=-1.45, EPSILON=0.999, (W=58,D=0,L=0)
2025-01-16 04:27:53,023 - INFO - Episode 147/100000: Winner=2, Reward=-3.90, EPSILON=0.999, (W=59,D=0,L=0)
2025-01-16 04:27:53,320 - INFO - Episode 148/100000: Winner=2, Reward=-38.10, EPSILON=0.999, (W=60,D=0,L=0)
2025-01-16 04:27:53,539 - INFO - Episode 149/100000: Winner=2, Reward=-15.35, EPSILON=0.999, (W=60,D=0,L=0)
2025-01-16 04:27:53,648 - INFO - Episode 150/100000: Winner=2, Reward=1.00, EPSILON=0.999, (W=60,D=0,L=0)
2025-01-16 04:27:53,773 - INFO - Episode 151/100000: Winner=2, Reward=6.30, EPSILON=0.999, (W=60,D=0,L=0)
2025-01-16 04:27:54,023 - INFO - Episode 152/100000: Winner=2, Reward=-18.25, EPSILON=0.999, (W=61,D=0,L=0)
2025-01-16 04:27:54,242 - INFO - Episode 153/100000: Winner=2, Reward=-0.50, EPSILON=0.999, (W=61,D=0,L=0)
2025-01-16 04:27:54,492 - INFO - Episode 154/100000: Winner=2, Reward=-51.35, EPSILON=0.999, (W=62,D=0,L=0)
2025-01-16 04:27:54,710 - INFO - Episode 155/100000: Winner=2, Reward=-11.25, EPSILON=0.999, (W=63,D=0,L=0)
2025-01-16 04:27:54,882 - INFO - Episode 156/100000: Winner=2, Reward=-16.90, EPSILON=0.999, (W=64,D=0,L=0)
2025-01-16 04:27:55,179 - INFO - Episode 157/100000: Winner=2, Reward=-11.70, EPSILON=0.999, (W=64,D=0,L=0)
2025-01-16 04:27:55,383 - INFO - Episode 158/100000: Winner=2, Reward=4.55, EPSILON=0.999, (W=64,D=0,L=0)
2025-01-16 04:27:55,476 - INFO - Episode 159/100000: Winner=2, Reward=-1.35, EPSILON=0.999, (W=64,D=0,L=0)
2025-01-16 04:27:55,695 - INFO - Episode 160/100000: Winner=2, Reward=6.80, EPSILON=0.999, (W=64,D=0,L=0)
2025-01-16 04:27:55,929 - INFO - Episode 161/100000: Winner=2, Reward=-13.40, EPSILON=0.999, (W=64,D=0,L=0)
2025-01-16 04:27:56,195 - INFO - Episode 162/100000: Winner=2, Reward=-22.85, EPSILON=0.999, (W=64,D=0,L=0)
2025-01-16 04:27:56,304 - DEBUG - Q-vals = [0.09153958 0.05056355 0.0560751  0.47179657 0.17183305 0.06190119
 0.09629095], best_act=3, best_val=0.472
2025-01-16 04:27:56,304 - DEBUG - Low Q-value (0.472), using MCTS.
2025-01-16 04:27:56,304 - INFO - Running MCTS with 16 simulations using 6 processes.
2025-01-16 04:27:58,975 - DEBUG - Aggregated action counts: {0: 7}
2025-01-16 04:27:58,975 - DEBUG - Chose best action 0
2025-01-16 04:27:59,272 - INFO - Episode 163/100000: Winner=2, Reward=4.85, EPSILON=0.999, (W=64,D=0,L=0)
2025-01-16 04:27:59,522 - INFO - Episode 164/100000: Winner=2, Reward=3.10, EPSILON=0.999, (W=64,D=0,L=0)
2025-01-16 04:27:59,678 - INFO - Episode 165/100000: Winner=2, Reward=-1.05, EPSILON=0.999, (W=64,D=0,L=0)
2025-01-16 04:27:59,772 - INFO - Episode 166/100000: Winner=2, Reward=15.85, EPSILON=0.999, (W=64,D=0,L=0)
2025-01-16 04:27:59,882 - INFO - Episode 167/100000: Winner=2, Reward=-9.75, EPSILON=0.998, (W=65,D=0,L=0)
2025-01-16 04:28:00,038 - INFO - Episode 168/100000: Winner=2, Reward=7.55, EPSILON=0.998, (W=65,D=0,L=0)
2025-01-16 04:28:00,256 - INFO - Episode 169/100000: Winner=2, Reward=-16.95, EPSILON=0.998, (W=66,D=0,L=0)
2025-01-16 04:28:00,381 - INFO - Episode 170/100000: Winner=2, Reward=-8.55, EPSILON=0.998, (W=67,D=0,L=0)
2025-01-16 04:28:00,600 - INFO - Episode 171/100000: Winner=2, Reward=-8.25, EPSILON=0.998, (W=67,D=0,L=0)
2025-01-16 04:28:00,850 - INFO - Episode 172/100000: Winner=2, Reward=-11.00, EPSILON=0.998, (W=68,D=0,L=0)
2025-01-16 04:28:01,038 - INFO - Episode 173/100000: Winner=2, Reward=50.30, EPSILON=0.998, (W=68,D=0,L=0)
2025-01-16 04:28:01,100 - INFO - Episode 174/100000: Winner=2, Reward=-10.25, EPSILON=0.998, (W=69,D=0,L=0)
2025-01-16 04:28:01,241 - INFO - Episode 175/100000: Winner=2, Reward=-3.00, EPSILON=0.998, (W=69,D=0,L=0)
2025-01-16 04:28:01,319 - INFO - Episode 176/100000: Winner=2, Reward=1.90, EPSILON=0.998, (W=70,D=0,L=0)
2025-01-16 04:28:01,522 - INFO - Episode 177/100000: Winner=2, Reward=-12.00, EPSILON=0.998, (W=71,D=0,L=0)
2025-01-16 04:28:01,740 - INFO - Episode 178/100000: Winner=2, Reward=-32.80, EPSILON=0.998, (W=72,D=0,L=0)
2025-01-16 04:28:01,897 - INFO - Episode 179/100000: Winner=2, Reward=-13.40, EPSILON=0.998, (W=73,D=0,L=0)
2025-01-16 04:28:01,990 - INFO - Episode 180/100000: Winner=2, Reward=1.25, EPSILON=0.998, (W=73,D=0,L=0)
2025-01-16 04:28:02,240 - INFO - Episode 181/100000: Winner=2, Reward=-13.25, EPSILON=0.998, (W=73,D=0,L=0)
2025-01-16 04:28:02,412 - INFO - Episode 182/100000: Winner=2, Reward=-26.40, EPSILON=0.998, (W=74,D=0,L=0)
2025-01-16 04:28:02,709 - INFO - Episode 183/100000: Winner=2, Reward=-40.15, EPSILON=0.998, (W=75,D=0,L=0)
2025-01-16 04:28:02,928 - INFO - Episode 184/100000: Winner=2, Reward=-15.05, EPSILON=0.998, (W=75,D=0,L=0)
2025-01-16 04:28:03,193 - INFO - Episode 185/100000: Winner=2, Reward=-33.05, EPSILON=0.998, (W=75,D=0,L=0)
2025-01-16 04:28:03,381 - INFO - Episode 186/100000: Winner=2, Reward=-22.60, EPSILON=0.998, (W=76,D=0,L=0)
2025-01-16 04:28:03,599 - INFO - Episode 187/100000: Winner=2, Reward=-0.15, EPSILON=0.998, (W=76,D=0,L=0)
2025-01-16 04:28:03,709 - INFO - Episode 188/100000: Winner=2, Reward=-0.45, EPSILON=0.998, (W=76,D=0,L=0)
2025-01-16 04:28:03,927 - INFO - Episode 189/100000: Winner=2, Reward=-23.65, EPSILON=0.998, (W=77,D=0,L=0)
2025-01-16 04:28:04,240 - INFO - Episode 190/100000: Winner=2, Reward=-52.95, EPSILON=0.998, (W=78,D=0,L=0)
2025-01-16 04:28:04,490 - INFO - Episode 191/100000: Winner=2, Reward=-29.00, EPSILON=0.998, (W=79,D=0,L=0)
2025-01-16 04:28:04,662 - INFO - Episode 192/100000: Winner=2, Reward=23.55, EPSILON=0.998, (W=79,D=0,L=0)
2025-01-16 04:28:04,818 - INFO - Episode 193/100000: Winner=2, Reward=3.85, EPSILON=0.998, (W=79,D=0,L=0)
2025-01-16 04:28:04,959 - INFO - Episode 194/100000: Winner=2, Reward=-9.90, EPSILON=0.998, (W=80,D=0,L=0)
2025-01-16 04:28:05,271 - INFO - Episode 195/100000: Winner=2, Reward=-29.60, EPSILON=0.998, (W=81,D=0,L=0)
2025-01-16 04:28:05,443 - INFO - Episode 196/100000: Winner=2, Reward=-10.50, EPSILON=0.998, (W=81,D=0,L=0)
2025-01-16 04:28:05,661 - INFO - Episode 197/100000: Winner=2, Reward=-24.80, EPSILON=0.998, (W=82,D=0,L=0)
2025-01-16 04:28:05,990 - INFO - Episode 198/100000: Winner=2, Reward=-44.85, EPSILON=0.998, (W=83,D=0,L=0)
2025-01-16 04:28:06,302 - INFO - Episode 199/100000: Winner=2, Reward=-32.25, EPSILON=0.998, (W=84,D=0,L=0)
2025-01-16 04:28:06,521 - INFO - Saved model checkpoint to Connect4_Agent_Model.pth at episode 200.
2025-01-16 04:28:06,521 - INFO - Models saved at episode 200
2025-01-16 04:28:06,521 - INFO - Target networks updated
2025-01-16 04:28:06,583 - INFO - Saved model checkpoint to Connect4_Agent_Model.pth at episode 200.
2025-01-16 04:28:06,583 - INFO - Episode 200/100000: Winner=2, Reward=21.25, EPSILON=0.998, (W=84,D=0,L=0)
2025-01-16 04:28:06,833 - INFO - Episode 201/100000: Winner=2, Reward=10.05, EPSILON=0.998, (W=84,D=0,L=0)
2025-01-16 04:28:07,114 - INFO - Episode 202/100000: Winner=2, Reward=-52.35, EPSILON=0.998, (W=85,D=0,L=0)
2025-01-16 04:28:07,364 - INFO - Episode 203/100000: Winner=2, Reward=-7.15, EPSILON=0.998, (W=85,D=0,L=0)
2025-01-16 04:28:07,661 - INFO - Episode 204/100000: Winner=2, Reward=-57.80, EPSILON=0.998, (W=86,D=0,L=0)
2025-01-16 04:28:07,848 - INFO - Episode 205/100000: Winner=2, Reward=2.25, EPSILON=0.998, (W=86,D=0,L=0)
2025-01-16 04:28:08,020 - INFO - Episode 206/100000: Winner=2, Reward=6.05, EPSILON=0.998, (W=86,D=0,L=0)
2025-01-16 04:28:08,239 - INFO - Episode 207/100000: Winner=2, Reward=12.70, EPSILON=0.998, (W=86,D=0,L=0)
2025-01-16 04:28:08,364 - INFO - Episode 208/100000: Winner=2, Reward=-5.35, EPSILON=0.998, (W=86,D=0,L=0)
2025-01-16 04:28:08,536 - INFO - Episode 209/100000: Winner=2, Reward=-9.55, EPSILON=0.998, (W=87,D=0,L=0)
2025-01-16 04:28:08,692 - INFO - Episode 210/100000: Winner=2, Reward=3.65, EPSILON=0.998, (W=87,D=0,L=0)
2025-01-16 04:28:08,911 - INFO - Episode 211/100000: Winner=2, Reward=9.85, EPSILON=0.998, (W=87,D=0,L=0)
2025-01-16 04:28:09,083 - INFO - Episode 212/100000: Winner=2, Reward=-11.05, EPSILON=0.998, (W=87,D=0,L=0)
2025-01-16 04:28:09,208 - INFO - Episode 213/100000: Winner=2, Reward=1.90, EPSILON=0.998, (W=87,D=0,L=0)
2025-01-16 04:28:09,442 - INFO - Episode 214/100000: Winner=2, Reward=-49.50, EPSILON=0.998, (W=88,D=0,L=0)
2025-01-16 04:28:09,645 - INFO - Episode 215/100000: Winner=2, Reward=-8.05, EPSILON=0.998, (W=88,D=0,L=0)
2025-01-16 04:28:09,817 - INFO - Episode 216/100000: Winner=2, Reward=-1.70, EPSILON=0.998, (W=89,D=0,L=0)
2025-01-16 04:28:09,942 - INFO - Episode 217/100000: Winner=2, Reward=12.65, EPSILON=0.998, (W=89,D=0,L=0)
2025-01-16 04:28:10,114 - INFO - Episode 218/100000: Winner=2, Reward=-1.90, EPSILON=0.998, (W=89,D=0,L=0)
2025-01-16 04:28:10,379 - INFO - Episode 219/100000: Winner=2, Reward=-34.00, EPSILON=0.998, (W=90,D=0,L=0)
2025-01-16 04:28:10,520 - INFO - Episode 220/100000: Winner=2, Reward=3.45, EPSILON=0.998, (W=90,D=0,L=0)
2025-01-16 04:28:10,785 - INFO - Episode 221/100000: Winner=2, Reward=-26.75, EPSILON=0.998, (W=90,D=0,L=0)
2025-01-16 04:28:11,098 - INFO - Episode 222/100000: Winner=2, Reward=-60.35, EPSILON=0.998, (W=91,D=0,L=0)
2025-01-16 04:28:11,363 - INFO - Episode 223/100000: Winner=2, Reward=-50.00, EPSILON=0.998, (W=92,D=0,L=0)
2025-01-16 04:28:11,676 - INFO - Episode 224/100000: Winner=2, Reward=-31.85, EPSILON=0.998, (W=92,D=0,L=0)
2025-01-16 04:28:11,754 - INFO - Episode 225/100000: Winner=2, Reward=-10.45, EPSILON=0.998, (W=93,D=0,L=0)
2025-01-16 04:28:12,066 - INFO - Episode 226/100000: Winner=2, Reward=-22.20, EPSILON=0.998, (W=94,D=0,L=0)
2025-01-16 04:28:12,222 - INFO - Episode 227/100000: Winner=2, Reward=24.30, EPSILON=0.998, (W=94,D=0,L=0)
2025-01-16 04:28:12,332 - INFO - Episode 228/100000: Winner=2, Reward=5.50, EPSILON=0.998, (W=94,D=0,L=0)
2025-01-16 04:28:12,582 - INFO - Episode 229/100000: Winner=2, Reward=-7.40, EPSILON=0.998, (W=95,D=0,L=0)
2025-01-16 04:28:12,754 - INFO - Episode 230/100000: Winner=2, Reward=9.65, EPSILON=0.998, (W=95,D=0,L=0)
2025-01-16 04:28:12,879 - INFO - Episode 231/100000: Winner=2, Reward=3.25, EPSILON=0.998, (W=95,D=0,L=0)
2025-01-16 04:28:12,988 - INFO - Episode 232/100000: Winner=2, Reward=-10.80, EPSILON=0.998, (W=96,D=0,L=0)
2025-01-16 04:28:13,238 - INFO - Episode 233/100000: Winner=2, Reward=23.60, EPSILON=0.998, (W=96,D=0,L=0)
2025-01-16 04:28:13,473 - INFO - Episode 234/100000: Winner=2, Reward=-24.10, EPSILON=0.998, (W=97,D=0,L=0)
2025-01-16 04:28:13,582 - INFO - Episode 235/100000: Winner=2, Reward=1.60, EPSILON=0.998, (W=98,D=0,L=0)
2025-01-16 04:28:13,723 - INFO - Episode 236/100000: Winner=2, Reward=8.40, EPSILON=0.998, (W=98,D=0,L=0)
2025-01-16 04:28:13,879 - INFO - Episode 237/100000: Winner=2, Reward=12.15, EPSILON=0.998, (W=98,D=0,L=0)
2025-01-16 04:28:13,988 - INFO - Episode 238/100000: Winner=2, Reward=7.90, EPSILON=0.998, (W=98,D=0,L=0)
2025-01-16 04:28:14,097 - INFO - Episode 239/100000: Winner=2, Reward=0.70, EPSILON=0.998, (W=98,D=0,L=0)
2025-01-16 04:28:14,379 - INFO - Episode 240/100000: Winner=2, Reward=-33.15, EPSILON=0.998, (W=98,D=0,L=0)
2025-01-16 04:28:14,519 - INFO - Episode 241/100000: Winner=2, Reward=18.00, EPSILON=0.998, (W=98,D=0,L=0)
2025-01-16 04:28:14,613 - INFO - Episode 242/100000: Winner=2, Reward=7.20, EPSILON=0.998, (W=98,D=0,L=0)
2025-01-16 04:28:14,785 - INFO - Episode 243/100000: Winner=2, Reward=-18.65, EPSILON=0.998, (W=98,D=0,L=0)
2025-01-16 04:28:14,925 - INFO - Episode 244/100000: Winner=2, Reward=-15.45, EPSILON=0.998, (W=99,D=0,L=0)
2025-01-16 04:28:15,050 - INFO - Episode 245/100000: Winner=2, Reward=-8.85, EPSILON=0.998, (W=100,D=0,L=0)
2025-01-16 04:28:15,207 - INFO - Episode 246/100000: Winner=2, Reward=6.35, EPSILON=0.998, (W=100,D=0,L=0)
2025-01-16 04:28:15,316 - INFO - Episode 247/100000: Winner=2, Reward=16.45, EPSILON=0.998, (W=100,D=0,L=0)
2025-01-16 04:28:15,441 - INFO - Episode 248/100000: Winner=2, Reward=-6.80, EPSILON=0.998, (W=101,D=0,L=0)
2025-01-16 04:28:15,644 - INFO - Episode 249/100000: Winner=2, Reward=-20.20, EPSILON=0.998, (W=102,D=0,L=0)
2025-01-16 04:28:15,941 - INFO - Episode 250/100000: Winner=2, Reward=-29.55, EPSILON=0.998, (W=102,D=0,L=0)
2025-01-16 04:28:16,159 - INFO - Episode 251/100000: Winner=2, Reward=-15.90, EPSILON=0.998, (W=102,D=0,L=0)
2025-01-16 04:28:16,378 - INFO - Episode 252/100000: Winner=2, Reward=-14.25, EPSILON=0.998, (W=102,D=0,L=0)
2025-01-16 04:28:16,628 - INFO - Episode 253/100000: Winner=2, Reward=12.55, EPSILON=0.998, (W=102,D=0,L=0)
2025-01-16 04:28:16,737 - INFO - Episode 254/100000: Winner=2, Reward=10.60, EPSILON=0.998, (W=102,D=0,L=0)
2025-01-16 04:28:17,050 - INFO - Episode 255/100000: Winner=2, Reward=-43.95, EPSILON=0.998, (W=103,D=0,L=0)
2025-01-16 04:28:17,347 - INFO - Episode 256/100000: Winner=2, Reward=-60.15, EPSILON=0.998, (W=104,D=0,L=0)
2025-01-16 04:28:17,440 - INFO - Episode 257/100000: Winner=2, Reward=-9.75, EPSILON=0.998, (W=105,D=0,L=0)
2025-01-16 04:28:17,675 - INFO - Episode 258/100000: Winner=2, Reward=-21.80, EPSILON=0.998, (W=106,D=0,L=0)
2025-01-16 04:28:17,784 - INFO - Episode 259/100000: Winner=2, Reward=-11.00, EPSILON=0.998, (W=107,D=0,L=0)
2025-01-16 04:28:18,081 - INFO - Episode 260/100000: Winner=2, Reward=-28.95, EPSILON=0.998, (W=108,D=0,L=0)
2025-01-16 04:28:18,268 - INFO - Episode 261/100000: Winner=2, Reward=-10.05, EPSILON=0.998, (W=109,D=0,L=0)
2025-01-16 04:28:18,362 - INFO - Episode 262/100000: Winner=2, Reward=7.90, EPSILON=0.998, (W=109,D=0,L=0)
2025-01-16 04:28:18,393 - DEBUG - Q-vals = [0.09214743 0.17008585 0.21350987 0.20659302 0.08223956 0.10773409
 0.12769026], best_act=2, best_val=0.214
2025-01-16 04:28:18,393 - DEBUG - Low Q-value (0.214), using MCTS.
2025-01-16 04:28:18,393 - INFO - Running MCTS with 20 simulations using 6 processes.
2025-01-16 04:28:21,044 - DEBUG - Aggregated action counts: {0: 7}
2025-01-16 04:28:21,044 - DEBUG - Chose best action 0
2025-01-16 04:28:21,138 - INFO - Episode 263/100000: Winner=2, Reward=-5.95, EPSILON=0.998, (W=110,D=0,L=0)
2025-01-16 04:28:21,200 - INFO - Episode 264/100000: Winner=2, Reward=0.60, EPSILON=0.998, (W=110,D=0,L=0)
2025-01-16 04:28:21,435 - INFO - Episode 265/100000: Winner=2, Reward=-34.10, EPSILON=0.998, (W=111,D=0,L=0)
2025-01-16 04:28:21,528 - INFO - Episode 266/100000: Winner=2, Reward=-3.75, EPSILON=0.998, (W=111,D=0,L=0)
2025-01-16 04:28:21,809 - INFO - Episode 267/100000: Winner=2, Reward=-50.75, EPSILON=0.998, (W=112,D=0,L=0)
2025-01-16 04:28:21,966 - INFO - Episode 268/100000: Winner=2, Reward=-17.00, EPSILON=0.998, (W=113,D=0,L=0)
2025-01-16 04:28:22,091 - INFO - Episode 269/100000: Winner=2, Reward=-9.35, EPSILON=0.998, (W=114,D=0,L=0)
2025-01-16 04:28:22,309 - INFO - Episode 270/100000: Winner=2, Reward=-21.60, EPSILON=0.998, (W=115,D=0,L=0)
2025-01-16 04:28:22,653 - INFO - Episode 271/100000: Winner=2, Reward=-84.85, EPSILON=0.998, (W=116,D=0,L=0)
2025-01-16 04:28:22,856 - INFO - Episode 272/100000: Winner=2, Reward=-20.45, EPSILON=0.998, (W=117,D=0,L=0)
2025-01-16 04:28:23,012 - INFO - Episode 273/100000: Winner=2, Reward=-6.25, EPSILON=0.998, (W=118,D=0,L=0)
2025-01-16 04:28:23,106 - INFO - Episode 274/100000: Winner=2, Reward=13.90, EPSILON=0.998, (W=118,D=0,L=0)
2025-01-16 04:28:23,278 - INFO - Episode 275/100000: Winner=2, Reward=-2.85, EPSILON=0.998, (W=119,D=0,L=0)
2025-01-16 04:28:23,465 - INFO - Episode 276/100000: Winner=2, Reward=-15.20, EPSILON=0.998, (W=120,D=0,L=0)
2025-01-16 04:28:23,622 - INFO - Episode 277/100000: Winner=2, Reward=-11.65, EPSILON=0.998, (W=121,D=0,L=0)
2025-01-16 04:28:23,715 - INFO - Episode 278/100000: Winner=2, Reward=4.15, EPSILON=0.998, (W=121,D=0,L=0)
2025-01-16 04:28:23,871 - INFO - Episode 279/100000: Winner=2, Reward=-13.35, EPSILON=0.997, (W=122,D=0,L=0)
2025-01-16 04:28:24,137 - INFO - Episode 280/100000: Winner=2, Reward=-8.25, EPSILON=0.997, (W=122,D=0,L=0)
2025-01-16 04:28:24,403 - INFO - Episode 281/100000: Winner=2, Reward=-62.65, EPSILON=0.997, (W=123,D=0,L=0)
2025-01-16 04:28:24,668 - INFO - Episode 282/100000: Winner=2, Reward=-19.45, EPSILON=0.997, (W=124,D=0,L=0)
2025-01-16 04:28:24,887 - INFO - Episode 283/100000: Winner=2, Reward=-24.95, EPSILON=0.997, (W=125,D=0,L=0)
2025-01-16 04:28:25,137 - INFO - Episode 284/100000: Winner=2, Reward=2.85, EPSILON=0.997, (W=126,D=0,L=0)
2025-01-16 04:28:25,387 - INFO - Episode 285/100000: Winner=2, Reward=-29.75, EPSILON=0.997, (W=127,D=0,L=0)
2025-01-16 04:28:25,574 - INFO - Episode 286/100000: Winner=2, Reward=-5.25, EPSILON=0.997, (W=127,D=0,L=0)
2025-01-16 04:28:25,777 - INFO - Episode 287/100000: Winner=2, Reward=2.50, EPSILON=0.997, (W=127,D=0,L=0)
2025-01-16 04:28:26,027 - INFO - Episode 288/100000: Winner=2, Reward=-19.80, EPSILON=0.997, (W=128,D=0,L=0)
2025-01-16 04:28:26,137 - INFO - Episode 289/100000: Winner=2, Reward=-0.55, EPSILON=0.997, (W=128,D=0,L=0)
2025-01-16 04:28:26,246 - INFO - Episode 290/100000: Winner=2, Reward=-9.85, EPSILON=0.997, (W=129,D=0,L=0)
2025-01-16 04:28:26,371 - INFO - Episode 291/100000: Winner=2, Reward=-8.95, EPSILON=0.997, (W=130,D=0,L=0)
2025-01-16 04:28:26,496 - INFO - Episode 292/100000: Winner=2, Reward=6.35, EPSILON=0.997, (W=130,D=0,L=0)
2025-01-16 04:28:26,652 - INFO - Episode 293/100000: Winner=2, Reward=12.60, EPSILON=0.997, (W=131,D=0,L=0)
2025-01-16 04:28:26,996 - INFO - Episode 294/100000: Winner=2, Reward=-87.55, EPSILON=0.997, (W=131,D=0,L=0)
2025-01-16 04:28:27,246 - INFO - Episode 295/100000: Winner=2, Reward=-44.55, EPSILON=0.997, (W=132,D=0,L=0)
2025-01-16 04:28:27,402 - INFO - Episode 296/100000: Winner=2, Reward=-4.15, EPSILON=0.997, (W=133,D=0,L=0)
2025-01-16 04:28:27,636 - INFO - Episode 297/100000: Winner=2, Reward=-22.50, EPSILON=0.997, (W=134,D=0,L=0)
2025-01-16 04:28:27,855 - INFO - Episode 298/100000: Winner=2, Reward=-8.90, EPSILON=0.997, (W=135,D=0,L=0)
2025-01-16 04:28:27,996 - INFO - Episode 299/100000: Winner=2, Reward=9.05, EPSILON=0.997, (W=135,D=0,L=0)
2025-01-16 04:28:28,292 - INFO - Saved model checkpoint to Connect4_Agent_Model.pth at episode 300.
2025-01-16 04:28:28,292 - INFO - Models saved at episode 300
2025-01-16 04:28:28,292 - INFO - Target networks updated
2025-01-16 04:28:28,370 - INFO - Saved model checkpoint to Connect4_Agent_Model.pth at episode 300.
2025-01-16 04:28:28,370 - INFO - Episode 300/100000: Winner=2, Reward=-35.50, EPSILON=0.997, (W=136,D=0,L=0)
2025-01-16 04:28:28,480 - INFO - Episode 301/100000: Winner=2, Reward=14.55, EPSILON=0.997, (W=136,D=0,L=0)
2025-01-16 04:28:28,636 - INFO - Episode 302/100000: Winner=2, Reward=-11.45, EPSILON=0.997, (W=137,D=0,L=0)
2025-01-16 04:28:28,745 - INFO - Episode 303/100000: Winner=2, Reward=-1.75, EPSILON=0.997, (W=137,D=0,L=0)
2025-01-16 04:28:28,995 - INFO - Episode 304/100000: Winner=2, Reward=-47.65, EPSILON=0.997, (W=137,D=0,L=0)
2025-01-16 04:28:29,136 - INFO - Episode 305/100000: Winner=2, Reward=22.55, EPSILON=0.997, (W=137,D=0,L=0)
2025-01-16 04:28:29,417 - INFO - Episode 306/100000: Winner=2, Reward=-35.75, EPSILON=0.997, (W=138,D=0,L=0)
2025-01-16 04:28:29,495 - INFO - Episode 307/100000: Winner=2, Reward=-4.25, EPSILON=0.997, (W=138,D=0,L=0)
2025-01-16 04:28:29,620 - INFO - Episode 308/100000: Winner=2, Reward=8.00, EPSILON=0.997, (W=138,D=0,L=0)
2025-01-16 04:28:29,886 - INFO - Episode 309/100000: Winner=2, Reward=-11.05, EPSILON=0.997, (W=138,D=0,L=0)
2025-01-16 04:28:30,058 - INFO - Episode 310/100000: Winner=2, Reward=-5.35, EPSILON=0.997, (W=139,D=0,L=0)
2025-01-16 04:28:30,245 - INFO - Episode 311/100000: Winner=2, Reward=-27.20, EPSILON=0.997, (W=140,D=0,L=0)
2025-01-16 04:28:30,483 - INFO - Episode 312/100000: Winner=2, Reward=-14.25, EPSILON=0.997, (W=141,D=0,L=0)
2025-01-16 04:28:30,800 - INFO - Episode 313/100000: Winner=2, Reward=-51.10, EPSILON=0.997, (W=142,D=0,L=0)
2025-01-16 04:28:31,026 - INFO - Episode 314/100000: Winner=2, Reward=-17.90, EPSILON=0.997, (W=143,D=0,L=0)
2025-01-16 04:28:31,101 - INFO - Episode 315/100000: Winner=2, Reward=0.65, EPSILON=0.997, (W=143,D=0,L=0)
2025-01-16 04:28:31,273 - INFO - Episode 316/100000: Winner=2, Reward=-19.50, EPSILON=0.997, (W=143,D=0,L=0)
2025-01-16 04:28:31,368 - INFO - Episode 317/100000: Winner=2, Reward=8.15, EPSILON=0.997, (W=143,D=0,L=0)
2025-01-16 04:28:31,538 - INFO - Episode 318/100000: Winner=2, Reward=0.75, EPSILON=0.997, (W=143,D=0,L=0)
2025-01-16 04:28:31,777 - INFO - Episode 319/100000: Winner=2, Reward=6.85, EPSILON=0.997, (W=143,D=0,L=0)
2025-01-16 04:28:31,958 - INFO - Episode 320/100000: Winner=2, Reward=-17.40, EPSILON=0.997, (W=144,D=0,L=0)
2025-01-16 04:28:32,254 - INFO - Episode 321/100000: Winner=2, Reward=-30.25, EPSILON=0.997, (W=145,D=0,L=0)
2025-01-16 04:28:32,355 - INFO - Episode 322/100000: Winner=2, Reward=-9.70, EPSILON=0.997, (W=146,D=0,L=0)
2025-01-16 04:28:32,690 - INFO - Episode 323/100000: Winner=2, Reward=8.85, EPSILON=0.997, (W=146,D=0,L=0)
2025-01-16 04:28:32,823 - INFO - Episode 324/100000: Winner=2, Reward=-7.75, EPSILON=0.997, (W=147,D=0,L=0)
2025-01-16 04:28:33,031 - INFO - Episode 325/100000: Winner=2, Reward=-41.20, EPSILON=0.997, (W=147,D=0,L=0)
2025-01-16 04:28:33,252 - INFO - Episode 326/100000: Winner=2, Reward=-20.25, EPSILON=0.997, (W=148,D=0,L=0)
2025-01-16 04:28:33,428 - INFO - Episode 327/100000: Winner=2, Reward=18.95, EPSILON=0.997, (W=148,D=0,L=0)
2025-01-16 04:28:33,598 - INFO - Episode 328/100000: Winner=2, Reward=11.65, EPSILON=0.997, (W=148,D=0,L=0)
2025-01-16 04:28:33,734 - INFO - Episode 329/100000: Winner=2, Reward=12.15, EPSILON=0.997, (W=149,D=0,L=0)
2025-01-16 04:28:33,895 - INFO - Episode 330/100000: Winner=2, Reward=5.70, EPSILON=0.997, (W=149,D=0,L=0)
2025-01-16 04:28:34,312 - INFO - Episode 331/100000: Winner=2, Reward=-55.75, EPSILON=0.997, (W=149,D=0,L=0)
2025-01-16 04:28:34,578 - INFO - Episode 332/100000: Winner=2, Reward=-7.00, EPSILON=0.997, (W=150,D=0,L=0)
2025-01-16 04:28:34,875 - INFO - Episode 333/100000: Winner=2, Reward=-19.30, EPSILON=0.997, (W=151,D=0,L=0)
2025-01-16 04:28:35,163 - INFO - Episode 334/100000: Winner=2, Reward=-20.45, EPSILON=0.997, (W=152,D=0,L=0)
2025-01-16 04:28:35,428 - INFO - Episode 335/100000: Winner=2, Reward=-7.70, EPSILON=0.997, (W=152,D=0,L=0)
2025-01-16 04:28:35,731 - INFO - Episode 336/100000: Winner=2, Reward=-31.40, EPSILON=0.997, (W=153,D=0,L=0)
2025-01-16 04:28:36,056 - INFO - Episode 337/100000: Winner=2, Reward=-35.65, EPSILON=0.997, (W=154,D=0,L=0)
2025-01-16 04:28:36,225 - INFO - Episode 338/100000: Winner=2, Reward=-15.55, EPSILON=0.997, (W=155,D=0,L=0)
2025-01-16 04:28:36,356 - INFO - Episode 339/100000: Winner=2, Reward=23.45, EPSILON=0.997, (W=155,D=0,L=0)
2025-01-16 04:28:36,509 - INFO - Episode 340/100000: Winner=2, Reward=13.15, EPSILON=0.997, (W=155,D=0,L=0)
2025-01-16 04:28:36,743 - INFO - Episode 341/100000: Winner=2, Reward=3.75, EPSILON=0.997, (W=155,D=0,L=0)
2025-01-16 04:28:36,938 - INFO - Episode 342/100000: Winner=2, Reward=-0.45, EPSILON=0.997, (W=155,D=0,L=0)
2025-01-16 04:28:37,155 - INFO - Episode 343/100000: Winner=2, Reward=-21.30, EPSILON=0.997, (W=156,D=0,L=0)
2025-01-16 04:28:37,250 - INFO - Episode 344/100000: Winner=2, Reward=1.60, EPSILON=0.997, (W=156,D=0,L=0)
2025-01-16 04:28:37,560 - INFO - Episode 345/100000: Winner=2, Reward=-40.65, EPSILON=0.997, (W=156,D=0,L=0)
2025-01-16 04:28:37,814 - INFO - Episode 346/100000: Winner=2, Reward=-11.20, EPSILON=0.997, (W=157,D=0,L=0)
2025-01-16 04:28:38,035 - INFO - Episode 347/100000: Winner=2, Reward=11.10, EPSILON=0.997, (W=157,D=0,L=0)
2025-01-16 04:28:38,262 - INFO - Episode 348/100000: Winner=2, Reward=-17.10, EPSILON=0.997, (W=158,D=0,L=0)
2025-01-16 04:28:38,606 - INFO - Episode 349/100000: Winner=2, Reward=-36.40, EPSILON=0.997, (W=158,D=0,L=0)
2025-01-16 04:28:38,744 - INFO - Episode 350/100000: Winner=2, Reward=-12.95, EPSILON=0.997, (W=159,D=0,L=0)
2025-01-16 04:28:38,911 - INFO - Episode 351/100000: Winner=2, Reward=-17.90, EPSILON=0.997, (W=160,D=0,L=0)
2025-01-16 04:28:39,263 - INFO - Episode 352/100000: Winner=2, Reward=-51.70, EPSILON=0.997, (W=161,D=0,L=0)
2025-01-16 04:28:39,500 - INFO - Episode 353/100000: Winner=2, Reward=-30.75, EPSILON=0.997, (W=162,D=0,L=0)
2025-01-16 04:28:39,761 - INFO - Episode 354/100000: Winner=2, Reward=1.15, EPSILON=0.997, (W=162,D=0,L=0)
2025-01-16 04:28:39,904 - INFO - Episode 355/100000: Winner=2, Reward=-14.05, EPSILON=0.997, (W=163,D=0,L=0)
2025-01-16 04:28:40,049 - INFO - Episode 356/100000: Winner=2, Reward=-6.35, EPSILON=0.997, (W=163,D=0,L=0)
2025-01-16 04:28:40,288 - INFO - Episode 357/100000: Winner=2, Reward=4.05, EPSILON=0.997, (W=163,D=0,L=0)
2025-01-16 04:28:40,524 - INFO - Episode 358/100000: Winner=2, Reward=2.35, EPSILON=0.997, (W=163,D=0,L=0)
2025-01-16 04:28:40,761 - INFO - Episode 359/100000: Winner=2, Reward=-29.45, EPSILON=0.997, (W=163,D=0,L=0)
2025-01-16 04:28:40,906 - INFO - Episode 360/100000: Winner=2, Reward=23.30, EPSILON=0.997, (W=163,D=0,L=0)
2025-01-16 04:28:41,105 - INFO - Episode 361/100000: Winner=2, Reward=-4.30, EPSILON=0.997, (W=164,D=0,L=0)
2025-01-16 04:28:41,395 - INFO - Episode 362/100000: Winner=2, Reward=-37.15, EPSILON=0.997, (W=165,D=0,L=0)
2025-01-16 04:28:41,646 - INFO - Episode 363/100000: Winner=2, Reward=10.10, EPSILON=0.997, (W=165,D=0,L=0)
2025-01-16 04:28:41,818 - INFO - Episode 364/100000: Winner=2, Reward=-3.25, EPSILON=0.997, (W=166,D=0,L=0)
2025-01-16 04:28:41,980 - INFO - Episode 365/100000: Winner=2, Reward=-7.40, EPSILON=0.997, (W=166,D=0,L=0)
2025-01-16 04:28:42,198 - INFO - Episode 366/100000: Winner=2, Reward=-24.05, EPSILON=0.997, (W=167,D=0,L=0)
2025-01-16 04:28:42,480 - INFO - Episode 367/100000: Winner=2, Reward=-69.05, EPSILON=0.997, (W=168,D=0,L=0)
2025-01-16 04:28:42,686 - INFO - Episode 368/100000: Winner=2, Reward=-8.45, EPSILON=0.997, (W=169,D=0,L=0)
2025-01-16 04:28:42,837 - INFO - Episode 369/100000: Winner=2, Reward=-2.35, EPSILON=0.997, (W=169,D=0,L=0)
2025-01-16 04:28:43,007 - INFO - Episode 370/100000: Winner=2, Reward=-9.95, EPSILON=0.997, (W=170,D=0,L=0)
2025-01-16 04:28:43,194 - INFO - Episode 371/100000: Winner=2, Reward=1.65, EPSILON=0.997, (W=170,D=0,L=0)
2025-01-16 04:28:43,322 - INFO - Episode 372/100000: Winner=2, Reward=3.65, EPSILON=0.997, (W=170,D=0,L=0)
2025-01-16 04:28:43,527 - INFO - Episode 373/100000: Winner=2, Reward=2.95, EPSILON=0.997, (W=170,D=0,L=0)
2025-01-16 04:28:43,774 - INFO - Episode 374/100000: Winner=2, Reward=-14.25, EPSILON=0.997, (W=170,D=0,L=0)
2025-01-16 04:28:43,944 - INFO - Episode 375/100000: Winner=2, Reward=25.10, EPSILON=0.997, (W=170,D=0,L=0)
2025-01-16 04:28:44,100 - INFO - Episode 376/100000: Winner=2, Reward=18.15, EPSILON=0.997, (W=170,D=0,L=0)
2025-01-16 04:28:44,362 - INFO - Episode 377/100000: Winner=2, Reward=-14.35, EPSILON=0.997, (W=171,D=0,L=0)
2025-01-16 04:28:44,533 - INFO - Episode 378/100000: Winner=2, Reward=21.25, EPSILON=0.997, (W=171,D=0,L=0)
2025-01-16 04:28:44,796 - INFO - Episode 379/100000: Winner=2, Reward=-15.20, EPSILON=0.997, (W=172,D=0,L=0)
2025-01-16 04:28:45,003 - INFO - Episode 380/100000: Winner=2, Reward=10.90, EPSILON=0.997, (W=172,D=0,L=0)
2025-01-16 04:28:45,247 - INFO - Episode 381/100000: Winner=2, Reward=7.20, EPSILON=0.997, (W=172,D=0,L=0)
2025-01-16 04:28:45,472 - INFO - Episode 382/100000: Winner=2, Reward=-9.95, EPSILON=0.997, (W=173,D=0,L=0)
2025-01-16 04:28:45,655 - INFO - Episode 383/100000: Winner=2, Reward=-5.40, EPSILON=0.997, (W=173,D=0,L=0)
2025-01-16 04:28:45,799 - INFO - Episode 384/100000: Winner=2, Reward=1.95, EPSILON=0.997, (W=173,D=0,L=0)
2025-01-16 04:28:45,943 - INFO - Episode 385/100000: Winner=2, Reward=-12.45, EPSILON=0.997, (W=174,D=0,L=0)
2025-01-16 04:28:46,139 - INFO - Episode 386/100000: Winner=2, Reward=7.70, EPSILON=0.997, (W=175,D=0,L=0)
2025-01-16 04:28:46,310 - INFO - Episode 387/100000: Winner=2, Reward=-15.35, EPSILON=0.997, (W=175,D=0,L=0)
2025-01-16 04:28:46,577 - INFO - Episode 388/100000: Winner=2, Reward=-0.30, EPSILON=0.997, (W=175,D=0,L=0)
2025-01-16 04:28:46,713 - INFO - Episode 389/100000: Winner=2, Reward=-5.25, EPSILON=0.997, (W=175,D=0,L=0)
2025-01-16 04:28:46,942 - INFO - Episode 390/100000: Winner=2, Reward=-46.60, EPSILON=0.996, (W=176,D=0,L=0)
2025-01-16 04:28:47,245 - INFO - Episode 391/100000: Winner=2, Reward=-38.35, EPSILON=0.996, (W=177,D=0,L=0)
2025-01-16 04:28:47,489 - INFO - Episode 392/100000: Winner=2, Reward=-26.10, EPSILON=0.996, (W=177,D=0,L=0)
2025-01-16 04:28:47,635 - INFO - Episode 393/100000: Winner=2, Reward=-14.50, EPSILON=0.996, (W=178,D=0,L=0)
2025-01-16 04:28:47,956 - INFO - Episode 394/100000: Winner=2, Reward=-84.75, EPSILON=0.996, (W=179,D=0,L=0)
2025-01-16 04:28:48,192 - INFO - Episode 395/100000: Winner=2, Reward=-22.80, EPSILON=0.996, (W=179,D=0,L=0)
2025-01-16 04:28:48,367 - INFO - Episode 396/100000: Winner=2, Reward=-10.65, EPSILON=0.996, (W=180,D=0,L=0)
2025-01-16 04:28:48,620 - INFO - Episode 397/100000: Winner=2, Reward=-19.15, EPSILON=0.996, (W=180,D=0,L=0)
2025-01-16 04:28:48,877 - INFO - Episode 398/100000: Winner=2, Reward=4.75, EPSILON=0.996, (W=180,D=0,L=0)
2025-01-16 04:28:48,989 - INFO - Episode 399/100000: Winner=2, Reward=-10.65, EPSILON=0.996, (W=181,D=0,L=0)
2025-01-16 04:28:49,103 - INFO - Saved model checkpoint to Connect4_Agent_Model.pth at episode 400.
2025-01-16 04:28:49,103 - INFO - Models saved at episode 400
2025-01-16 04:28:49,103 - INFO - Target networks updated
2025-01-16 04:28:49,168 - INFO - Saved model checkpoint to Connect4_Agent_Model.pth at episode 400.
2025-01-16 04:28:49,168 - INFO - Episode 400/100000: Winner=2, Reward=0.10, EPSILON=0.996, (W=181,D=0,L=0)
2025-01-16 04:28:49,383 - INFO - Episode 401/100000: Winner=2, Reward=-44.05, EPSILON=0.996, (W=182,D=0,L=0)
2025-01-16 04:28:49,633 - INFO - Episode 402/100000: Winner=2, Reward=-11.90, EPSILON=0.996, (W=183,D=0,L=0)
2025-01-16 04:28:49,895 - INFO - Episode 403/100000: Winner=2, Reward=-7.45, EPSILON=0.996, (W=184,D=0,L=0)
2025-01-16 04:28:50,184 - INFO - Episode 404/100000: Winner=2, Reward=-11.45, EPSILON=0.996, (W=184,D=0,L=0)
2025-01-16 04:28:50,250 - DEBUG - Q-vals = [0.07352454 0.03380479 0.01845055 0.24809435 0.20477304 0.40886682
 0.01248577], best_act=5, best_val=0.409
2025-01-16 04:28:50,250 - DEBUG - Low Q-value (0.409), using MCTS.
2025-01-16 04:28:50,250 - INFO - Running MCTS with 26 simulations using 6 processes.
2025-01-16 04:28:53,088 - DEBUG - Aggregated action counts: {0: 7}
2025-01-16 04:28:53,088 - DEBUG - Chose best action 0
2025-01-16 04:28:53,358 - INFO - Episode 405/100000: Winner=2, Reward=4.85, EPSILON=0.996, (W=184,D=0,L=0)
2025-01-16 04:28:53,375 - DEBUG - Q-vals = [0.09641788 0.10979189 0.14297967 0.26665935 0.1328436  0.13142909
 0.11987852], best_act=3, best_val=0.267
2025-01-16 04:28:53,376 - DEBUG - Low Q-value (0.267), using MCTS.
2025-01-16 04:28:53,376 - INFO - Running MCTS with 26 simulations using 6 processes.
2025-01-16 04:28:56,445 - DEBUG - Aggregated action counts: {0: 7}
2025-01-16 04:28:56,445 - DEBUG - Chose best action 0
2025-01-16 04:28:56,658 - INFO - Episode 406/100000: Winner=2, Reward=-26.55, EPSILON=0.996, (W=185,D=0,L=0)
2025-01-16 04:28:56,829 - INFO - Episode 407/100000: Winner=2, Reward=17.00, EPSILON=0.996, (W=185,D=0,L=0)
2025-01-16 04:28:56,918 - DEBUG - Q-vals = [0.01830321 0.0051264  0.78652006 0.00250667 0.00431897 0.03767723
 0.14554738], best_act=2, best_val=0.787
2025-01-16 04:28:57,034 - INFO - Episode 408/100000: Winner=2, Reward=7.30, EPSILON=0.996, (W=185,D=0,L=0)
2025-01-16 04:28:57,331 - INFO - Episode 409/100000: Winner=2, Reward=-25.75, EPSILON=0.996, (W=185,D=0,L=0)
2025-01-16 04:28:57,587 - INFO - Episode 410/100000: Winner=2, Reward=-27.15, EPSILON=0.996, (W=186,D=0,L=0)
2025-01-16 04:28:57,812 - INFO - Episode 411/100000: Winner=2, Reward=-30.35, EPSILON=0.996, (W=187,D=0,L=0)
2025-01-16 04:28:57,961 - INFO - Episode 412/100000: Winner=2, Reward=3.80, EPSILON=0.996, (W=187,D=0,L=0)
2025-01-16 04:28:58,144 - INFO - Episode 413/100000: Winner=2, Reward=32.55, EPSILON=0.996, (W=187,D=0,L=0)
2025-01-16 04:28:58,516 - INFO - Episode 414/100000: Winner=2, Reward=-58.60, EPSILON=0.996, (W=188,D=0,L=0)
2025-01-16 04:28:58,699 - INFO - Episode 415/100000: Winner=2, Reward=20.15, EPSILON=0.996, (W=188,D=0,L=0)
2025-01-16 04:28:58,911 - INFO - Episode 416/100000: Winner=2, Reward=-9.90, EPSILON=0.996, (W=189,D=0,L=0)
2025-01-16 04:28:59,023 - INFO - Episode 417/100000: Winner=2, Reward=-10.20, EPSILON=0.996, (W=190,D=0,L=0)
2025-01-16 04:28:59,121 - INFO - Episode 418/100000: Winner=2, Reward=7.40, EPSILON=0.996, (W=190,D=0,L=0)
2025-01-16 04:28:59,472 - INFO - Episode 419/100000: Winner=2, Reward=-46.65, EPSILON=0.996, (W=191,D=0,L=0)
2025-01-16 04:28:59,627 - INFO - Episode 420/100000: Winner=2, Reward=-13.85, EPSILON=0.996, (W=192,D=0,L=0)
2025-01-16 04:28:59,741 - INFO - Episode 421/100000: Winner=2, Reward=10.20, EPSILON=0.996, (W=192,D=0,L=0)
2025-01-16 04:28:59,990 - INFO - Episode 422/100000: Winner=2, Reward=-21.05, EPSILON=0.996, (W=193,D=0,L=0)
2025-01-16 04:29:00,106 - INFO - Episode 423/100000: Winner=2, Reward=-10.40, EPSILON=0.996, (W=194,D=0,L=0)
2025-01-16 04:29:00,141 - DEBUG - Q-vals = [0.05441433 0.04300441 0.8816047  0.00255461 0.00229642 0.01212315
 0.00400233], best_act=2, best_val=0.882
2025-01-16 04:29:00,278 - INFO - Episode 424/100000: Winner=2, Reward=-9.35, EPSILON=0.996, (W=194,D=0,L=0)
2025-01-16 04:29:00,479 - INFO - Episode 425/100000: Winner=2, Reward=9.15, EPSILON=0.996, (W=194,D=0,L=0)
2025-01-16 04:29:00,650 - INFO - Episode 426/100000: Winner=2, Reward=-12.00, EPSILON=0.996, (W=195,D=0,L=0)
2025-01-16 04:29:01,044 - INFO - Episode 427/100000: Winner=2, Reward=-49.40, EPSILON=0.996, (W=196,D=0,L=0)
2025-01-16 04:29:01,231 - INFO - Episode 428/100000: Winner=2, Reward=-1.00, EPSILON=0.996, (W=196,D=0,L=0)
2025-01-16 04:29:01,518 - INFO - Episode 429/100000: Winner=2, Reward=14.15, EPSILON=0.996, (W=196,D=0,L=0)
2025-01-16 04:29:01,802 - INFO - Episode 430/100000: Winner=2, Reward=-19.85, EPSILON=0.996, (W=197,D=0,L=0)
2025-01-16 04:29:02,174 - INFO - Episode 431/100000: Winner=2, Reward=-16.95, EPSILON=0.996, (W=197,D=0,L=0)
2025-01-16 04:29:02,434 - INFO - Episode 432/100000: Winner=2, Reward=-28.25, EPSILON=0.996, (W=198,D=0,L=0)
2025-01-16 04:29:02,602 - INFO - Episode 433/100000: Winner=2, Reward=-5.65, EPSILON=0.996, (W=199,D=0,L=0)
2025-01-16 04:29:02,851 - INFO - Episode 434/100000: Winner=2, Reward=-5.75, EPSILON=0.996, (W=200,D=0,L=0)
2025-01-16 04:29:03,071 - INFO - Episode 435/100000: Winner=2, Reward=-6.75, EPSILON=0.996, (W=201,D=0,L=0)
2025-01-16 04:29:03,229 - INFO - Episode 436/100000: Winner=2, Reward=24.15, EPSILON=0.996, (W=201,D=0,L=0)
2025-01-16 04:29:03,334 - INFO - Episode 437/100000: Winner=2, Reward=-9.85, EPSILON=0.996, (W=202,D=0,L=0)
2025-01-16 04:29:03,537 - INFO - Episode 438/100000: Winner=2, Reward=10.25, EPSILON=0.996, (W=202,D=0,L=0)
2025-01-16 04:29:03,683 - INFO - Episode 439/100000: Winner=2, Reward=16.20, EPSILON=0.996, (W=202,D=0,L=0)
2025-01-16 04:29:04,071 - INFO - Episode 440/100000: Winner=2, Reward=-69.65, EPSILON=0.996, (W=203,D=0,L=0)
2025-01-16 04:29:04,224 - INFO - Episode 441/100000: Winner=2, Reward=7.60, EPSILON=0.996, (W=203,D=0,L=0)
2025-01-16 04:29:04,328 - INFO - Episode 442/100000: Winner=2, Reward=3.25, EPSILON=0.996, (W=203,D=0,L=0)
2025-01-16 04:29:04,608 - INFO - Episode 443/100000: Winner=2, Reward=16.55, EPSILON=0.996, (W=203,D=0,L=0)
2025-01-16 04:29:04,875 - INFO - Episode 444/100000: Winner=2, Reward=-23.75, EPSILON=0.996, (W=203,D=0,L=0)
2025-01-16 04:29:05,013 - INFO - Episode 445/100000: Winner=2, Reward=-10.95, EPSILON=0.996, (W=203,D=0,L=0)
2025-01-16 04:29:05,224 - INFO - Episode 446/100000: Winner=2, Reward=-16.10, EPSILON=0.996, (W=204,D=0,L=0)
2025-01-16 04:29:05,447 - INFO - Episode 447/100000: Winner=2, Reward=-26.25, EPSILON=0.996, (W=205,D=0,L=0)
2025-01-16 04:29:05,700 - INFO - Episode 448/100000: Winner=2, Reward=3.75, EPSILON=0.996, (W=206,D=0,L=0)
2025-01-16 04:29:05,805 - INFO - Episode 449/100000: Winner=2, Reward=7.55, EPSILON=0.996, (W=206,D=0,L=0)
2025-01-16 04:29:05,979 - INFO - Episode 450/100000: Winner=2, Reward=-17.15, EPSILON=0.996, (W=207,D=0,L=0)
2025-01-16 04:29:06,057 - INFO - Episode 451/100000: Winner=2, Reward=1.25, EPSILON=0.996, (W=207,D=0,L=0)
2025-01-16 04:29:06,214 - INFO - Episode 452/100000: Winner=2, Reward=6.75, EPSILON=0.996, (W=207,D=0,L=0)
2025-01-16 04:29:06,564 - INFO - Episode 453/100000: Winner=2, Reward=14.35, EPSILON=0.996, (W=207,D=0,L=0)
2025-01-16 04:29:06,871 - INFO - Episode 454/100000: Winner=2, Reward=-38.00, EPSILON=0.996, (W=208,D=0,L=0)
2025-01-16 04:29:06,943 - DEBUG - Q-vals = [0.04110457 0.04293972 0.08226926 0.01765193 0.48467585 0.26036483
 0.07099382], best_act=4, best_val=0.485
2025-01-16 04:29:06,943 - DEBUG - Low Q-value (0.485), using MCTS.
2025-01-16 04:29:06,944 - INFO - Running MCTS with 28 simulations using 6 processes.
2025-01-16 04:29:10,209 - DEBUG - Aggregated action counts: {0: 7}
2025-01-16 04:29:10,209 - DEBUG - Chose best action 0
2025-01-16 04:29:10,291 - INFO - Episode 455/100000: Winner=2, Reward=9.70, EPSILON=0.996, (W=208,D=0,L=0)
2025-01-16 04:29:10,408 - INFO - Episode 456/100000: Winner=2, Reward=-10.45, EPSILON=0.996, (W=209,D=0,L=0)
2025-01-16 04:29:10,673 - INFO - Episode 457/100000: Winner=2, Reward=-35.40, EPSILON=0.996, (W=210,D=0,L=0)
2025-01-16 04:29:10,982 - INFO - Episode 458/100000: Winner=2, Reward=-49.15, EPSILON=0.996, (W=210,D=0,L=0)
2025-01-16 04:29:11,209 - INFO - Episode 459/100000: Winner=2, Reward=-16.25, EPSILON=0.996, (W=210,D=0,L=0)
2025-01-16 04:29:11,468 - INFO - Episode 460/100000: Winner=2, Reward=-40.25, EPSILON=0.996, (W=211,D=0,L=0)
2025-01-16 04:29:11,631 - INFO - Episode 461/100000: Winner=2, Reward=-3.75, EPSILON=0.996, (W=211,D=0,L=0)
2025-01-16 04:29:11,888 - INFO - Episode 462/100000: Winner=2, Reward=-21.05, EPSILON=0.996, (W=212,D=0,L=0)
2025-01-16 04:29:12,129 - DEBUG - Q-vals = [7.7642538e-02 3.9298189e-01 5.5419274e-02 7.6127633e-02 3.7184480e-04
 1.9039629e-01 2.0706049e-01], best_act=1, best_val=0.393
2025-01-16 04:29:12,129 - DEBUG - Low Q-value (0.393), using MCTS.
2025-01-16 04:29:12,130 - INFO - Running MCTS with 28 simulations using 6 processes.
2025-01-16 04:29:15,132 - DEBUG - Aggregated action counts: {0: 7}
2025-01-16 04:29:15,133 - DEBUG - Chose best action 0
2025-01-16 04:29:15,215 - INFO - Episode 463/100000: Winner=2, Reward=-14.75, EPSILON=0.996, (W=212,D=0,L=0)
2025-01-16 04:29:15,361 - INFO - Episode 464/100000: Winner=2, Reward=-10.25, EPSILON=0.996, (W=213,D=0,L=0)
2025-01-16 04:29:15,542 - INFO - Episode 465/100000: Winner=2, Reward=-18.00, EPSILON=0.996, (W=214,D=0,L=0)
2025-01-16 04:29:15,686 - INFO - Episode 466/100000: Winner=2, Reward=-9.75, EPSILON=0.996, (W=215,D=0,L=0)
2025-01-16 04:29:15,800 - INFO - Episode 467/100000: Winner=2, Reward=-10.40, EPSILON=0.996, (W=216,D=0,L=0)
2025-01-16 04:29:15,989 - INFO - Episode 468/100000: Winner=2, Reward=4.20, EPSILON=0.996, (W=216,D=0,L=0)
2025-01-16 04:29:16,164 - INFO - Episode 469/100000: Winner=2, Reward=-18.10, EPSILON=0.996, (W=217,D=0,L=0)
2025-01-16 04:29:16,281 - INFO - Episode 470/100000: Winner=2, Reward=-0.15, EPSILON=0.996, (W=217,D=0,L=0)
2025-01-16 04:29:16,388 - INFO - Episode 471/100000: Winner=2, Reward=2.60, EPSILON=0.996, (W=217,D=0,L=0)
2025-01-16 04:29:16,634 - INFO - Episode 472/100000: Winner=2, Reward=-30.00, EPSILON=0.996, (W=218,D=0,L=0)
2025-01-16 04:29:16,807 - INFO - Episode 473/100000: Winner=2, Reward=-7.50, EPSILON=0.996, (W=219,D=0,L=0)
2025-01-16 04:29:16,937 - INFO - Episode 474/100000: Winner=2, Reward=-7.75, EPSILON=0.996, (W=220,D=0,L=0)
2025-01-16 04:29:16,995 - INFO - Episode 475/100000: Winner=2, Reward=-0.55, EPSILON=0.996, (W=220,D=0,L=0)
2025-01-16 04:29:17,090 - INFO - Episode 476/100000: Winner=2, Reward=16.15, EPSILON=0.996, (W=220,D=0,L=0)
2025-01-16 04:29:17,178 - DEBUG - Q-vals = [0.07574549 0.13414977 0.09300174 0.175182   0.33742896 0.10771148
 0.07678054], best_act=4, best_val=0.337
2025-01-16 04:29:17,178 - DEBUG - Low Q-value (0.337), using MCTS.
2025-01-16 04:29:17,179 - INFO - Running MCTS with 29 simulations using 6 processes.
2025-01-16 04:29:20,180 - DEBUG - Aggregated action counts: {0: 7}
2025-01-16 04:29:20,180 - DEBUG - Chose best action 0
2025-01-16 04:29:20,474 - INFO - Episode 477/100000: Winner=2, Reward=-90.80, EPSILON=0.996, (W=221,D=0,L=0)
2025-01-16 04:29:20,719 - INFO - Episode 478/100000: Winner=2, Reward=-38.35, EPSILON=0.996, (W=222,D=0,L=0)
2025-01-16 04:29:20,793 - INFO - Episode 479/100000: Winner=2, Reward=-6.45, EPSILON=0.996, (W=223,D=0,L=0)
2025-01-16 04:29:20,997 - INFO - Episode 480/100000: Winner=2, Reward=-17.75, EPSILON=0.996, (W=224,D=0,L=0)
2025-01-16 04:29:21,267 - INFO - Episode 481/100000: Winner=2, Reward=33.00, EPSILON=0.996, (W=224,D=0,L=0)
2025-01-16 04:29:21,514 - INFO - Episode 482/100000: Winner=2, Reward=19.50, EPSILON=0.996, (W=224,D=0,L=0)
2025-01-16 04:29:21,761 - INFO - Episode 483/100000: Winner=2, Reward=-18.80, EPSILON=0.996, (W=225,D=0,L=0)
2025-01-16 04:29:22,025 - INFO - Episode 484/100000: Winner=2, Reward=-18.30, EPSILON=0.996, (W=226,D=0,L=0)
2025-01-16 04:29:22,310 - INFO - Episode 485/100000: Winner=2, Reward=-23.30, EPSILON=0.996, (W=227,D=0,L=0)
2025-01-16 04:29:22,552 - INFO - Episode 486/100000: Winner=2, Reward=13.70, EPSILON=0.996, (W=227,D=0,L=0)
2025-01-16 04:29:22,895 - INFO - Episode 487/100000: Winner=2, Reward=-44.15, EPSILON=0.996, (W=227,D=0,L=0)
2025-01-16 04:29:23,130 - INFO - Episode 488/100000: Winner=2, Reward=-40.15, EPSILON=0.996, (W=228,D=0,L=0)
2025-01-16 04:29:23,411 - INFO - Episode 489/100000: Winner=2, Reward=-24.55, EPSILON=0.996, (W=228,D=0,L=0)
2025-01-16 04:29:23,465 - INFO - Episode 490/100000: Winner=2, Reward=0.10, EPSILON=0.996, (W=228,D=0,L=0)
2025-01-16 04:29:23,684 - INFO - Episode 491/100000: Winner=2, Reward=-0.10, EPSILON=0.996, (W=229,D=0,L=0)
2025-01-16 04:29:23,931 - INFO - Episode 492/100000: Winner=2, Reward=-17.80, EPSILON=0.996, (W=230,D=0,L=0)
2025-01-16 04:29:24,091 - INFO - Episode 493/100000: Winner=2, Reward=7.00, EPSILON=0.996, (W=230,D=0,L=0)
2025-01-16 04:29:24,208 - INFO - Episode 494/100000: Winner=2, Reward=19.90, EPSILON=0.996, (W=230,D=0,L=0)
2025-01-16 04:29:24,281 - INFO - Episode 495/100000: Winner=2, Reward=7.20, EPSILON=0.996, (W=230,D=0,L=0)
2025-01-16 04:29:24,584 - INFO - Episode 496/100000: Winner=2, Reward=-64.65, EPSILON=0.996, (W=230,D=0,L=0)
2025-01-16 04:29:24,751 - INFO - Episode 497/100000: Winner=2, Reward=23.20, EPSILON=0.996, (W=230,D=0,L=0)
2025-01-16 04:29:25,075 - INFO - Episode 498/100000: Winner=2, Reward=-31.85, EPSILON=0.996, (W=231,D=0,L=0)
2025-01-16 04:29:25,362 - INFO - Episode 499/100000: Winner=2, Reward=-37.15, EPSILON=0.996, (W=231,D=0,L=0)
2025-01-16 04:29:25,734 - INFO - Saved model checkpoint to Connect4_Agent_Model.pth at episode 500.
2025-01-16 04:29:25,734 - INFO - Models saved at episode 500
2025-01-16 04:29:25,736 - INFO - Target networks updated
2025-01-16 04:29:25,792 - INFO - Saved model checkpoint to Connect4_Agent_Model.pth at episode 500.
2025-01-16 04:29:25,792 - INFO - Episode 500/100000: Winner=2, Reward=-39.40, EPSILON=0.996, (W=231,D=0,L=0)
2025-01-16 04:29:25,863 - INFO - Episode 501/100000: Winner=2, Reward=-2.75, EPSILON=0.996, (W=232,D=0,L=0)
2025-01-16 04:29:26,047 - INFO - Episode 502/100000: Winner=2, Reward=-8.05, EPSILON=0.995, (W=233,D=0,L=0)
2025-01-16 04:29:26,323 - INFO - Episode 503/100000: Winner=2, Reward=-47.65, EPSILON=0.995, (W=233,D=0,L=0)
2025-01-16 04:29:26,497 - INFO - Episode 504/100000: Winner=2, Reward=-6.50, EPSILON=0.995, (W=234,D=0,L=0)
2025-01-16 04:29:26,683 - INFO - Episode 505/100000: Winner=2, Reward=18.90, EPSILON=0.995, (W=234,D=0,L=0)
2025-01-16 04:29:26,923 - INFO - Episode 506/100000: Winner=2, Reward=-21.80, EPSILON=0.995, (W=235,D=0,L=0)
2025-01-16 04:29:27,071 - INFO - Episode 507/100000: Winner=2, Reward=-9.85, EPSILON=0.995, (W=235,D=0,L=0)
2025-01-16 04:29:27,386 - INFO - Episode 508/100000: Winner=2, Reward=-63.50, EPSILON=0.995, (W=235,D=0,L=0)
2025-01-16 04:29:27,623 - INFO - Episode 509/100000: Winner=2, Reward=-22.75, EPSILON=0.995, (W=235,D=0,L=0)
2025-01-16 04:29:27,698 - INFO - Episode 510/100000: Winner=2, Reward=3.05, EPSILON=0.995, (W=235,D=0,L=0)
2025-01-16 04:29:27,835 - INFO - Episode 511/100000: Winner=2, Reward=8.95, EPSILON=0.995, (W=235,D=0,L=0)
2025-01-16 04:29:28,035 - INFO - Episode 512/100000: Winner=2, Reward=-14.60, EPSILON=0.995, (W=236,D=0,L=0)
2025-01-16 04:29:28,146 - INFO - Episode 513/100000: Winner=2, Reward=-0.15, EPSILON=0.995, (W=237,D=0,L=0)
2025-01-16 04:29:28,311 - DEBUG - Q-vals = [0.11735271 0.08730578 0.11814616 0.52535    0.01399004 0.06911917
 0.06873621], best_act=3, best_val=0.525
2025-01-16 04:29:28,428 - INFO - Episode 514/100000: Winner=2, Reward=-2.75, EPSILON=0.995, (W=238,D=0,L=0)
2025-01-16 04:29:28,574 - INFO - Episode 515/100000: Winner=2, Reward=6.35, EPSILON=0.995, (W=238,D=0,L=0)
2025-01-16 04:29:28,706 - INFO - Episode 516/100000: Winner=2, Reward=-1.55, EPSILON=0.995, (W=238,D=0,L=0)
2025-01-16 04:29:28,886 - INFO - Episode 517/100000: Winner=2, Reward=-17.45, EPSILON=0.995, (W=239,D=0,L=0)
2025-01-16 04:29:28,969 - INFO - Episode 518/100000: Winner=2, Reward=-0.15, EPSILON=0.995, (W=239,D=0,L=0)
2025-01-16 04:29:29,099 - INFO - Episode 519/100000: Winner=2, Reward=17.10, EPSILON=0.995, (W=239,D=0,L=0)
2025-01-16 04:29:29,256 - INFO - Episode 520/100000: Winner=2, Reward=13.05, EPSILON=0.995, (W=239,D=0,L=0)
2025-01-16 04:29:29,551 - INFO - Episode 521/100000: Winner=2, Reward=-35.25, EPSILON=0.995, (W=240,D=0,L=0)
2025-01-16 04:29:29,677 - INFO - Episode 522/100000: Winner=2, Reward=1.70, EPSILON=0.995, (W=240,D=0,L=0)
2025-01-16 04:29:29,851 - INFO - Episode 523/100000: Winner=2, Reward=-2.75, EPSILON=0.995, (W=241,D=0,L=0)
2025-01-16 04:29:30,022 - INFO - Episode 524/100000: Winner=2, Reward=10.75, EPSILON=0.995, (W=241,D=0,L=0)
2025-01-16 04:29:30,344 - INFO - Episode 525/100000: Winner=2, Reward=-88.85, EPSILON=0.995, (W=242,D=0,L=0)
2025-01-16 04:29:30,377 - DEBUG - Q-vals = [0.42056307 0.05509944 0.16590706 0.02847768 0.04878861 0.21401802
 0.06714617], best_act=0, best_val=0.421
2025-01-16 04:29:30,377 - DEBUG - Low Q-value (0.421), using MCTS.
2025-01-16 04:29:30,378 - INFO - Running MCTS with 31 simulations using 6 processes.
2025-01-16 04:29:33,703 - DEBUG - Aggregated action counts: {0: 7}
2025-01-16 04:29:33,703 - DEBUG - Chose best action 0
2025-01-16 04:29:33,874 - INFO - Episode 526/100000: Winner=2, Reward=-10.85, EPSILON=0.995, (W=242,D=0,L=0)
2025-01-16 04:29:34,019 - INFO - Episode 527/100000: Winner=2, Reward=-0.45, EPSILON=0.995, (W=242,D=0,L=0)
2025-01-16 04:29:34,188 - INFO - Episode 528/100000: Winner=2, Reward=2.95, EPSILON=0.995, (W=242,D=0,L=0)
2025-01-16 04:29:34,343 - INFO - Episode 529/100000: Winner=2, Reward=0.15, EPSILON=0.995, (W=243,D=0,L=0)
2025-01-16 04:29:34,582 - INFO - Episode 530/100000: Winner=2, Reward=-10.25, EPSILON=0.995, (W=243,D=0,L=0)
2025-01-16 04:29:34,734 - INFO - Episode 531/100000: Winner=2, Reward=3.75, EPSILON=0.995, (W=243,D=0,L=0)
2025-01-16 04:29:34,883 - INFO - Episode 532/100000: Winner=2, Reward=-10.35, EPSILON=0.995, (W=244,D=0,L=0)
2025-01-16 04:29:34,963 - INFO - Episode 533/100000: Winner=2, Reward=0.60, EPSILON=0.995, (W=244,D=0,L=0)
2025-01-16 04:29:35,109 - INFO - Episode 534/100000: Winner=2, Reward=-10.45, EPSILON=0.995, (W=245,D=0,L=0)
2025-01-16 04:29:35,259 - INFO - Episode 535/100000: Winner=2, Reward=10.05, EPSILON=0.995, (W=245,D=0,L=0)
2025-01-16 04:29:35,443 - INFO - Episode 536/100000: Winner=2, Reward=-1.40, EPSILON=0.995, (W=245,D=0,L=0)
2025-01-16 04:29:35,592 - INFO - Episode 537/100000: Winner=2, Reward=0.75, EPSILON=0.995, (W=245,D=0,L=0)
2025-01-16 04:29:35,866 - INFO - Episode 538/100000: Winner=2, Reward=-43.25, EPSILON=0.995, (W=246,D=0,L=0)
2025-01-16 04:29:36,133 - INFO - Episode 539/100000: Winner=2, Reward=-4.95, EPSILON=0.995, (W=247,D=0,L=0)
2025-01-16 04:29:36,231 - INFO - Episode 540/100000: Winner=2, Reward=8.80, EPSILON=0.995, (W=247,D=0,L=0)
2025-01-16 04:29:36,567 - INFO - Episode 541/100000: Winner=2, Reward=-15.30, EPSILON=0.995, (W=247,D=0,L=0)
2025-01-16 04:29:36,756 - INFO - Episode 542/100000: Winner=2, Reward=-16.60, EPSILON=0.995, (W=248,D=0,L=0)
2025-01-16 04:29:36,889 - INFO - Episode 543/100000: Winner=2, Reward=21.05, EPSILON=0.995, (W=248,D=0,L=0)
2025-01-16 04:29:37,166 - INFO - Episode 544/100000: Winner=2, Reward=2.40, EPSILON=0.995, (W=248,D=0,L=0)
2025-01-16 04:29:37,298 - INFO - Episode 545/100000: Winner=2, Reward=24.65, EPSILON=0.995, (W=248,D=0,L=0)
2025-01-16 04:29:37,576 - INFO - Episode 546/100000: Winner=2, Reward=-11.45, EPSILON=0.995, (W=248,D=0,L=0)
2025-01-16 04:29:37,816 - INFO - Episode 547/100000: Winner=2, Reward=-15.30, EPSILON=0.995, (W=249,D=0,L=0)
2025-01-16 04:29:37,992 - INFO - Episode 548/100000: Winner=2, Reward=4.45, EPSILON=0.995, (W=250,D=0,L=0)
2025-01-16 04:29:38,199 - INFO - Episode 549/100000: Winner=2, Reward=-8.15, EPSILON=0.995, (W=250,D=0,L=0)
2025-01-16 04:29:38,386 - INFO - Episode 550/100000: Winner=2, Reward=-12.85, EPSILON=0.995, (W=250,D=0,L=0)
2025-01-16 04:29:38,549 - INFO - Episode 551/100000: Winner=2, Reward=-16.85, EPSILON=0.995, (W=251,D=0,L=0)
2025-01-16 04:29:38,828 - INFO - Episode 552/100000: Winner=2, Reward=-21.65, EPSILON=0.995, (W=252,D=0,L=0)
2025-01-16 04:29:38,922 - INFO - Episode 553/100000: Winner=2, Reward=14.60, EPSILON=0.995, (W=252,D=0,L=0)
2025-01-16 04:29:38,981 - INFO - Episode 554/100000: Winner=2, Reward=8.25, EPSILON=0.995, (W=252,D=0,L=0)
2025-01-16 04:29:39,262 - INFO - Episode 555/100000: Winner=2, Reward=-12.45, EPSILON=0.995, (W=252,D=0,L=0)
2025-01-16 04:29:39,503 - INFO - Episode 556/100000: Winner=2, Reward=-0.85, EPSILON=0.995, (W=252,D=0,L=0)
2025-01-16 04:29:39,714 - INFO - Episode 557/100000: Winner=2, Reward=-7.45, EPSILON=0.995, (W=252,D=0,L=0)
2025-01-16 04:29:40,056 - INFO - Episode 558/100000: Winner=2, Reward=-42.15, EPSILON=0.995, (W=253,D=0,L=0)
2025-01-16 04:29:40,272 - INFO - Episode 559/100000: Winner=2, Reward=-8.45, EPSILON=0.995, (W=254,D=0,L=0)
2025-01-16 04:29:40,421 - INFO - Episode 560/100000: Winner=2, Reward=5.75, EPSILON=0.995, (W=254,D=0,L=0)
2025-01-16 04:29:40,666 - INFO - Episode 561/100000: Winner=2, Reward=-18.95, EPSILON=0.995, (W=255,D=0,L=0)
2025-01-16 04:29:40,827 - INFO - Episode 562/100000: Winner=2, Reward=-3.75, EPSILON=0.995, (W=255,D=0,L=0)
2025-01-16 04:29:41,124 - INFO - Episode 563/100000: Winner=2, Reward=-22.65, EPSILON=0.995, (W=255,D=0,L=0)
2025-01-16 04:29:41,389 - INFO - Episode 564/100000: Winner=2, Reward=-27.15, EPSILON=0.995, (W=255,D=0,L=0)
2025-01-16 04:29:41,561 - INFO - Episode 565/100000: Winner=2, Reward=14.10, EPSILON=0.995, (W=255,D=0,L=0)
2025-01-16 04:29:41,842 - INFO - Episode 566/100000: Winner=2, Reward=-16.15, EPSILON=0.995, (W=256,D=0,L=0)
2025-01-16 04:29:41,983 - INFO - Episode 567/100000: Winner=2, Reward=-10.50, EPSILON=0.995, (W=257,D=0,L=0)
2025-01-16 04:29:42,155 - INFO - Episode 568/100000: Winner=2, Reward=-17.35, EPSILON=0.995, (W=257,D=0,L=0)
2025-01-16 04:29:42,405 - INFO - Episode 569/100000: Winner=2, Reward=24.35, EPSILON=0.995, (W=257,D=0,L=0)
2025-01-16 04:29:42,561 - INFO - Episode 570/100000: Winner=2, Reward=-10.95, EPSILON=0.995, (W=258,D=0,L=0)
2025-01-16 04:29:42,702 - INFO - Episode 571/100000: Winner=2, Reward=-10.40, EPSILON=0.995, (W=259,D=0,L=0)
2025-01-16 04:29:42,920 - INFO - Episode 572/100000: Winner=2, Reward=-15.85, EPSILON=0.995, (W=260,D=0,L=0)
2025-01-16 04:29:43,108 - INFO - Episode 573/100000: Winner=2, Reward=-22.00, EPSILON=0.995, (W=261,D=0,L=0)
2025-01-16 04:29:43,217 - INFO - Episode 574/100000: Winner=2, Reward=-11.90, EPSILON=0.995, (W=262,D=0,L=0)
2025-01-16 04:29:43,421 - INFO - Episode 575/100000: Winner=2, Reward=5.05, EPSILON=0.995, (W=262,D=0,L=0)
2025-01-16 04:29:43,702 - INFO - Episode 576/100000: Winner=2, Reward=-27.70, EPSILON=0.995, (W=262,D=0,L=0)
2025-01-16 04:29:43,827 - INFO - Episode 577/100000: Winner=2, Reward=-2.25, EPSILON=0.995, (W=262,D=0,L=0)
2025-01-16 04:29:43,983 - INFO - Episode 578/100000: Winner=2, Reward=8.45, EPSILON=0.995, (W=262,D=0,L=0)
2025-01-16 04:29:44,155 - INFO - Episode 579/100000: Winner=2, Reward=-3.80, EPSILON=0.995, (W=263,D=0,L=0)
2025-01-16 04:29:44,373 - INFO - Episode 580/100000: Winner=2, Reward=8.65, EPSILON=0.995, (W=263,D=0,L=0)
2025-01-16 04:29:44,577 - INFO - Episode 581/100000: Winner=2, Reward=-8.00, EPSILON=0.995, (W=263,D=0,L=0)
2025-01-16 04:29:44,686 - INFO - Episode 582/100000: Winner=2, Reward=3.60, EPSILON=0.995, (W=263,D=0,L=0)
2025-01-16 04:29:44,858 - INFO - Episode 583/100000: Winner=2, Reward=-9.70, EPSILON=0.995, (W=263,D=0,L=0)
2025-01-16 04:29:44,967 - INFO - Episode 584/100000: Winner=2, Reward=2.20, EPSILON=0.995, (W=263,D=0,L=0)
2025-01-16 04:29:45,217 - INFO - Episode 585/100000: Winner=2, Reward=-23.85, EPSILON=0.995, (W=264,D=0,L=0)
2025-01-16 04:29:45,404 - INFO - Episode 586/100000: Winner=2, Reward=-30.10, EPSILON=0.995, (W=265,D=0,L=0)
2025-01-16 04:29:45,670 - INFO - Episode 587/100000: Winner=2, Reward=5.15, EPSILON=0.995, (W=265,D=0,L=0)
2025-01-16 04:29:45,951 - INFO - Episode 588/100000: Winner=2, Reward=-43.40, EPSILON=0.995, (W=265,D=0,L=0)
2025-01-16 04:29:46,264 - INFO - Episode 589/100000: Winner=2, Reward=-13.40, EPSILON=0.995, (W=265,D=0,L=0)
2025-01-16 04:29:46,529 - INFO - Episode 590/100000: Winner=2, Reward=3.40, EPSILON=0.995, (W=265,D=0,L=0)
2025-01-16 04:29:46,685 - INFO - Episode 591/100000: Winner=2, Reward=16.40, EPSILON=0.995, (W=265,D=0,L=0)
2025-01-16 04:29:46,951 - INFO - Episode 592/100000: Winner=2, Reward=-40.15, EPSILON=0.995, (W=266,D=0,L=0)
2025-01-16 04:29:47,076 - INFO - Episode 593/100000: Winner=2, Reward=-11.20, EPSILON=0.995, (W=267,D=0,L=0)
2025-01-16 04:29:47,310 - INFO - Episode 594/100000: Winner=2, Reward=-25.95, EPSILON=0.995, (W=268,D=0,L=0)
2025-01-16 04:29:47,498 - INFO - Episode 595/100000: Winner=2, Reward=-17.85, EPSILON=0.995, (W=269,D=0,L=0)
2025-01-16 04:29:47,638 - INFO - Episode 596/100000: Winner=2, Reward=-6.85, EPSILON=0.995, (W=270,D=0,L=0)
2025-01-16 04:29:47,826 - INFO - Episode 597/100000: Winner=2, Reward=-22.45, EPSILON=0.995, (W=271,D=0,L=0)
2025-01-16 04:29:48,154 - INFO - Episode 598/100000: Winner=2, Reward=-34.75, EPSILON=0.995, (W=271,D=0,L=0)
2025-01-16 04:29:48,248 - INFO - Episode 599/100000: Winner=2, Reward=-8.80, EPSILON=0.995, (W=272,D=0,L=0)
2025-01-16 04:29:48,529 - INFO - Saved model checkpoint to Connect4_Agent_Model.pth at episode 600.
2025-01-16 04:29:48,529 - INFO - Models saved at episode 600
2025-01-16 04:29:48,529 - INFO - Target networks updated
2025-01-16 04:29:48,591 - INFO - Saved model checkpoint to Connect4_Agent_Model.pth at episode 600.
2025-01-16 04:29:48,591 - INFO - Episode 600/100000: Winner=2, Reward=5.15, EPSILON=0.995, (W=272,D=0,L=0)
2025-01-16 04:29:48,779 - INFO - Episode 601/100000: Winner=2, Reward=-36.95, EPSILON=0.995, (W=273,D=0,L=0)
2025-01-16 04:29:49,029 - INFO - Episode 602/100000: Winner=2, Reward=-6.35, EPSILON=0.995, (W=274,D=0,L=0)
2025-01-16 04:29:49,122 - INFO - Episode 603/100000: Winner=2, Reward=-9.10, EPSILON=0.995, (W=275,D=0,L=0)
2025-01-16 04:29:49,200 - DEBUG - Q-vals = [0.21887551 0.06254413 0.26078466 0.09661805 0.09359105 0.15673313
 0.1108535 ], best_act=2, best_val=0.261
2025-01-16 04:29:49,200 - DEBUG - Low Q-value (0.261), using MCTS.
2025-01-16 04:29:49,200 - INFO - Running MCTS with 34 simulations using 6 processes.
2025-01-16 04:29:52,184 - DEBUG - Aggregated action counts: {0: 7}
2025-01-16 04:29:52,184 - DEBUG - Chose best action 0
2025-01-16 04:29:52,325 - INFO - Episode 604/100000: Winner=2, Reward=0.45, EPSILON=0.995, (W=276,D=0,L=0)
2025-01-16 04:29:52,496 - INFO - Episode 605/100000: Winner=2, Reward=-11.95, EPSILON=0.995, (W=277,D=0,L=0)
2025-01-16 04:29:52,653 - INFO - Episode 606/100000: Winner=2, Reward=-3.40, EPSILON=0.995, (W=277,D=0,L=0)
2025-01-16 04:29:52,809 - INFO - Episode 607/100000: Winner=2, Reward=-4.70, EPSILON=0.995, (W=278,D=0,L=0)
2025-01-16 04:29:52,996 - INFO - Episode 608/100000: Winner=2, Reward=-20.85, EPSILON=0.995, (W=278,D=0,L=0)
2025-01-16 04:29:53,168 - INFO - Episode 609/100000: Winner=2, Reward=-0.15, EPSILON=0.995, (W=278,D=0,L=0)
2025-01-16 04:29:53,434 - INFO - Episode 610/100000: Winner=2, Reward=-14.60, EPSILON=0.995, (W=278,D=0,L=0)
2025-01-16 04:29:53,637 - INFO - Episode 611/100000: Winner=2, Reward=-8.55, EPSILON=0.995, (W=279,D=0,L=0)
2025-01-16 04:29:53,809 - INFO - Episode 612/100000: Winner=2, Reward=-28.60, EPSILON=0.995, (W=280,D=0,L=0)
2025-01-16 04:29:53,872 - INFO - Episode 613/100000: Winner=2, Reward=0.55, EPSILON=0.994, (W=280,D=0,L=0)
2025-01-16 04:29:53,934 - INFO - Episode 614/100000: Winner=2, Reward=8.40, EPSILON=0.994, (W=280,D=0,L=0)
2025-01-16 04:29:54,090 - INFO - Episode 615/100000: Winner=2, Reward=-10.90, EPSILON=0.994, (W=281,D=0,L=0)
2025-01-16 04:29:54,356 - INFO - Episode 616/100000: Winner=2, Reward=-6.40, EPSILON=0.994, (W=281,D=0,L=0)
2025-01-16 04:29:54,575 - INFO - Episode 617/100000: Winner=2, Reward=-45.65, EPSILON=0.994, (W=281,D=0,L=0)
2025-01-16 04:29:54,840 - INFO - Episode 618/100000: Winner=2, Reward=0.95, EPSILON=0.994, (W=281,D=0,L=0)
2025-01-16 04:29:54,950 - DEBUG - Q-vals = [0.09255746 0.13865206 0.09460946 0.1521837  0.12302664 0.171568
 0.22740267], best_act=6, best_val=0.227
2025-01-16 04:29:54,950 - DEBUG - Low Q-value (0.227), using MCTS.
2025-01-16 04:29:54,950 - INFO - Running MCTS with 34 simulations using 6 processes.
2025-01-16 04:29:57,746 - DEBUG - Aggregated action counts: {0: 7}
2025-01-16 04:29:57,746 - DEBUG - Chose best action 0
2025-01-16 04:29:57,965 - INFO - Episode 619/100000: Winner=2, Reward=-30.15, EPSILON=0.994, (W=282,D=0,L=0)
2025-01-16 04:29:58,199 - INFO - Episode 620/100000: Winner=2, Reward=0.90, EPSILON=0.994, (W=282,D=0,L=0)
2025-01-16 04:29:58,309 - INFO - Episode 621/100000: Winner=2, Reward=20.50, EPSILON=0.994, (W=282,D=0,L=0)
2025-01-16 04:29:58,387 - INFO - Episode 622/100000: Winner=2, Reward=1.65, EPSILON=0.994, (W=282,D=0,L=0)
2025-01-16 04:29:58,512 - INFO - Episode 623/100000: Winner=2, Reward=-2.95, EPSILON=0.994, (W=282,D=0,L=0)
2025-01-16 04:29:58,668 - DEBUG - Q-vals = [0.10849314 0.1387573  0.11095943 0.14578521 0.33122054 0.12751338
 0.03727102], best_act=4, best_val=0.331
2025-01-16 04:29:58,668 - DEBUG - Low Q-value (0.331), using MCTS.
2025-01-16 04:29:58,668 - INFO - Running MCTS with 34 simulations using 6 processes.
